2020-07-29 14:02:14,574 INFO org.apache.hadoop.hdfs.server.namenode.NameNode: STARTUP_MSG: 
/************************************************************
STARTUP_MSG: Starting NameNode
STARTUP_MSG:   host = yagnasri-VirtualBox/127.0.1.1
STARTUP_MSG:   args = []
STARTUP_MSG:   version = 2.9.0
STARTUP_MSG:   classpath = /usr/local/hadoop/etc/hadoop:/usr/local/hadoop/share/hadoop/common/lib/commons-beanutils-core-1.8.0.jar:/usr/local/hadoop/share/hadoop/common/lib/api-util-1.0.0-M20.jar:/usr/local/hadoop/share/hadoop/common/lib/commons-lang3-3.4.jar:/usr/local/hadoop/share/hadoop/common/lib/commons-digester-1.8.jar:/usr/local/hadoop/share/hadoop/common/lib/commons-compress-1.4.1.jar:/usr/local/hadoop/share/hadoop/common/lib/nimbus-jose-jwt-3.9.jar:/usr/local/hadoop/share/hadoop/common/lib/apacheds-kerberos-codec-2.0.0-M15.jar:/usr/local/hadoop/share/hadoop/common/lib/java-xmlbuilder-0.4.jar:/usr/local/hadoop/share/hadoop/common/lib/jersey-json-1.9.jar:/usr/local/hadoop/share/hadoop/common/lib/jackson-mapper-asl-1.9.13.jar:/usr/local/hadoop/share/hadoop/common/lib/jettison-1.1.jar:/usr/local/hadoop/share/hadoop/common/lib/stax2-api-3.1.4.jar:/usr/local/hadoop/share/hadoop/common/lib/httpcore-4.4.4.jar:/usr/local/hadoop/share/hadoop/common/lib/snappy-java-1.0.5.jar:/usr/local/hadoop/share/hadoop/common/lib/jetty-util-6.1.26.jar:/usr/local/hadoop/share/hadoop/common/lib/commons-cli-1.2.jar:/usr/local/hadoop/share/hadoop/common/lib/protobuf-java-2.5.0.jar:/usr/local/hadoop/share/hadoop/common/lib/junit-4.11.jar:/usr/local/hadoop/share/hadoop/common/lib/commons-beanutils-1.7.0.jar:/usr/local/hadoop/share/hadoop/common/lib/commons-io-2.4.jar:/usr/local/hadoop/share/hadoop/common/lib/paranamer-2.3.jar:/usr/local/hadoop/share/hadoop/common/lib/log4j-1.2.17.jar:/usr/local/hadoop/share/hadoop/common/lib/jersey-core-1.9.jar:/usr/local/hadoop/share/hadoop/common/lib/httpclient-4.5.2.jar:/usr/local/hadoop/share/hadoop/common/lib/commons-lang-2.6.jar:/usr/local/hadoop/share/hadoop/common/lib/slf4j-log4j12-1.7.25.jar:/usr/local/hadoop/share/hadoop/common/lib/xz-1.0.jar:/usr/local/hadoop/share/hadoop/common/lib/jsch-0.1.54.jar:/usr/local/hadoop/share/hadoop/common/lib/woodstox-core-5.0.3.jar:/usr/local/hadoop/share/hadoop/common/lib/hadoop-annotations-2.9.0.jar:/usr/local/hadoop/share/hadoop/common/lib/jetty-6.1.26.jar:/usr/local/hadoop/share/hadoop/common/lib/curator-framework-2.7.1.jar:/usr/local/hadoop/share/hadoop/common/lib/xmlenc-0.52.jar:/usr/local/hadoop/share/hadoop/common/lib/jackson-jaxrs-1.9.13.jar:/usr/local/hadoop/share/hadoop/common/lib/jetty-sslengine-6.1.26.jar:/usr/local/hadoop/share/hadoop/common/lib/jackson-xc-1.9.13.jar:/usr/local/hadoop/share/hadoop/common/lib/jets3t-0.9.0.jar:/usr/local/hadoop/share/hadoop/common/lib/json-smart-1.1.1.jar:/usr/local/hadoop/share/hadoop/common/lib/jaxb-impl-2.2.3-1.jar:/usr/local/hadoop/share/hadoop/common/lib/zookeeper-3.4.6.jar:/usr/local/hadoop/share/hadoop/common/lib/commons-collections-3.2.2.jar:/usr/local/hadoop/share/hadoop/common/lib/guava-11.0.2.jar:/usr/local/hadoop/share/hadoop/common/lib/htrace-core4-4.1.0-incubating.jar:/usr/local/hadoop/share/hadoop/common/lib/commons-logging-1.1.3.jar:/usr/local/hadoop/share/hadoop/common/lib/commons-codec-1.4.jar:/usr/local/hadoop/share/hadoop/common/lib/avro-1.7.7.jar:/usr/local/hadoop/share/hadoop/common/lib/mockito-all-1.8.5.jar:/usr/local/hadoop/share/hadoop/common/lib/stax-api-1.0-2.jar:/usr/local/hadoop/share/hadoop/common/lib/curator-client-2.7.1.jar:/usr/local/hadoop/share/hadoop/common/lib/jackson-core-asl-1.9.13.jar:/usr/local/hadoop/share/hadoop/common/lib/hadoop-auth-2.9.0.jar:/usr/local/hadoop/share/hadoop/common/lib/asm-3.2.jar:/usr/local/hadoop/share/hadoop/common/lib/slf4j-api-1.7.25.jar:/usr/local/hadoop/share/hadoop/common/lib/commons-math3-3.1.1.jar:/usr/local/hadoop/share/hadoop/common/lib/jsr305-3.0.0.jar:/usr/local/hadoop/share/hadoop/common/lib/jaxb-api-2.2.2.jar:/usr/local/hadoop/share/hadoop/common/lib/hamcrest-core-1.3.jar:/usr/local/hadoop/share/hadoop/common/lib/netty-3.6.2.Final.jar:/usr/local/hadoop/share/hadoop/common/lib/activation-1.1.jar:/usr/local/hadoop/share/hadoop/common/lib/jersey-server-1.9.jar:/usr/local/hadoop/share/hadoop/common/lib/jsp-api-2.1.jar:/usr/local/hadoop/share/hadoop/common/lib/curator-recipes-2.7.1.jar:/usr/local/hadoop/share/hadoop/common/lib/jcip-annotations-1.0.jar:/usr/local/hadoop/share/hadoop/common/lib/api-asn1-api-1.0.0-M20.jar:/usr/local/hadoop/share/hadoop/common/lib/commons-net-3.1.jar:/usr/local/hadoop/share/hadoop/common/lib/apacheds-i18n-2.0.0-M15.jar:/usr/local/hadoop/share/hadoop/common/lib/gson-2.2.4.jar:/usr/local/hadoop/share/hadoop/common/lib/servlet-api-2.5.jar:/usr/local/hadoop/share/hadoop/common/lib/commons-configuration-1.6.jar:/usr/local/hadoop/share/hadoop/common/hadoop-nfs-2.9.0.jar:/usr/local/hadoop/share/hadoop/common/hadoop-common-2.9.0.jar:/usr/local/hadoop/share/hadoop/common/hadoop-common-2.9.0-tests.jar:/usr/local/hadoop/share/hadoop/hdfs:/usr/local/hadoop/share/hadoop/hdfs/lib/xercesImpl-2.9.1.jar:/usr/local/hadoop/share/hadoop/hdfs/lib/hadoop-hdfs-client-2.9.0.jar:/usr/local/hadoop/share/hadoop/hdfs/lib/jackson-mapper-asl-1.9.13.jar:/usr/local/hadoop/share/hadoop/hdfs/lib/jetty-util-6.1.26.jar:/usr/local/hadoop/share/hadoop/hdfs/lib/commons-cli-1.2.jar:/usr/local/hadoop/share/hadoop/hdfs/lib/leveldbjni-all-1.8.jar:/usr/local/hadoop/share/hadoop/hdfs/lib/protobuf-java-2.5.0.jar:/usr/local/hadoop/share/hadoop/hdfs/lib/commons-io-2.4.jar:/usr/local/hadoop/share/hadoop/hdfs/lib/log4j-1.2.17.jar:/usr/local/hadoop/share/hadoop/hdfs/lib/jersey-core-1.9.jar:/usr/local/hadoop/share/hadoop/hdfs/lib/commons-lang-2.6.jar:/usr/local/hadoop/share/hadoop/hdfs/lib/xml-apis-1.3.04.jar:/usr/local/hadoop/share/hadoop/hdfs/lib/jackson-databind-2.7.8.jar:/usr/local/hadoop/share/hadoop/hdfs/lib/jetty-6.1.26.jar:/usr/local/hadoop/share/hadoop/hdfs/lib/xmlenc-0.52.jar:/usr/local/hadoop/share/hadoop/hdfs/lib/okio-1.4.0.jar:/usr/local/hadoop/share/hadoop/hdfs/lib/jackson-annotations-2.7.8.jar:/usr/local/hadoop/share/hadoop/hdfs/lib/jackson-core-2.7.8.jar:/usr/local/hadoop/share/hadoop/hdfs/lib/guava-11.0.2.jar:/usr/local/hadoop/share/hadoop/hdfs/lib/htrace-core4-4.1.0-incubating.jar:/usr/local/hadoop/share/hadoop/hdfs/lib/commons-logging-1.1.3.jar:/usr/local/hadoop/share/hadoop/hdfs/lib/commons-codec-1.4.jar:/usr/local/hadoop/share/hadoop/hdfs/lib/jackson-core-asl-1.9.13.jar:/usr/local/hadoop/share/hadoop/hdfs/lib/asm-3.2.jar:/usr/local/hadoop/share/hadoop/hdfs/lib/commons-daemon-1.0.13.jar:/usr/local/hadoop/share/hadoop/hdfs/lib/netty-all-4.0.23.Final.jar:/usr/local/hadoop/share/hadoop/hdfs/lib/jsr305-3.0.0.jar:/usr/local/hadoop/share/hadoop/hdfs/lib/netty-3.6.2.Final.jar:/usr/local/hadoop/share/hadoop/hdfs/lib/jersey-server-1.9.jar:/usr/local/hadoop/share/hadoop/hdfs/lib/okhttp-2.4.0.jar:/usr/local/hadoop/share/hadoop/hdfs/lib/servlet-api-2.5.jar:/usr/local/hadoop/share/hadoop/hdfs/hadoop-hdfs-client-2.9.0.jar:/usr/local/hadoop/share/hadoop/hdfs/hadoop-hdfs-native-client-2.9.0.jar:/usr/local/hadoop/share/hadoop/hdfs/hadoop-hdfs-2.9.0.jar:/usr/local/hadoop/share/hadoop/hdfs/hadoop-hdfs-native-client-2.9.0-tests.jar:/usr/local/hadoop/share/hadoop/hdfs/hadoop-hdfs-nfs-2.9.0.jar:/usr/local/hadoop/share/hadoop/hdfs/hadoop-hdfs-2.9.0-tests.jar:/usr/local/hadoop/share/hadoop/hdfs/hadoop-hdfs-client-2.9.0-tests.jar:/usr/local/hadoop/share/hadoop/yarn:/usr/local/hadoop/share/hadoop/yarn/lib/commons-beanutils-core-1.8.0.jar:/usr/local/hadoop/share/hadoop/yarn/lib/java-util-1.9.0.jar:/usr/local/hadoop/share/hadoop/yarn/lib/api-util-1.0.0-M20.jar:/usr/local/hadoop/share/hadoop/yarn/lib/commons-lang3-3.4.jar:/usr/local/hadoop/share/hadoop/yarn/lib/commons-digester-1.8.jar:/usr/local/hadoop/share/hadoop/yarn/lib/commons-compress-1.4.1.jar:/usr/local/hadoop/share/hadoop/yarn/lib/nimbus-jose-jwt-3.9.jar:/usr/local/hadoop/share/hadoop/yarn/lib/apacheds-kerberos-codec-2.0.0-M15.jar:/usr/local/hadoop/share/hadoop/yarn/lib/ehcache-3.3.1.jar:/usr/local/hadoop/share/hadoop/yarn/lib/java-xmlbuilder-0.4.jar:/usr/local/hadoop/share/hadoop/yarn/lib/jersey-json-1.9.jar:/usr/local/hadoop/share/hadoop/yarn/lib/geronimo-jcache_1.0_spec-1.0-alpha-1.jar:/usr/local/hadoop/share/hadoop/yarn/lib/metrics-core-3.0.1.jar:/usr/local/hadoop/share/hadoop/yarn/lib/jackson-mapper-asl-1.9.13.jar:/usr/local/hadoop/share/hadoop/yarn/lib/guice-servlet-3.0.jar:/usr/local/hadoop/share/hadoop/yarn/lib/jettison-1.1.jar:/usr/local/hadoop/share/hadoop/yarn/lib/jersey-client-1.9.jar:/usr/local/hadoop/share/hadoop/yarn/lib/stax2-api-3.1.4.jar:/usr/local/hadoop/share/hadoop/yarn/lib/httpcore-4.4.4.jar:/usr/local/hadoop/share/hadoop/yarn/lib/aopalliance-1.0.jar:/usr/local/hadoop/share/hadoop/yarn/lib/jersey-guice-1.9.jar:/usr/local/hadoop/share/hadoop/yarn/lib/guice-3.0.jar:/usr/local/hadoop/share/hadoop/yarn/lib/snappy-java-1.0.5.jar:/usr/local/hadoop/share/hadoop/yarn/lib/jetty-util-6.1.26.jar:/usr/local/hadoop/share/hadoop/yarn/lib/json-io-2.5.1.jar:/usr/local/hadoop/share/hadoop/yarn/lib/commons-cli-1.2.jar:/usr/local/hadoop/share/hadoop/yarn/lib/leveldbjni-all-1.8.jar:/usr/local/hadoop/share/hadoop/yarn/lib/protobuf-java-2.5.0.jar:/usr/local/hadoop/share/hadoop/yarn/lib/fst-2.50.jar:/usr/local/hadoop/share/hadoop/yarn/lib/commons-beanutils-1.7.0.jar:/usr/local/hadoop/share/hadoop/yarn/lib/commons-io-2.4.jar:/usr/local/hadoop/share/hadoop/yarn/lib/zookeeper-3.4.6-tests.jar:/usr/local/hadoop/share/hadoop/yarn/lib/paranamer-2.3.jar:/usr/local/hadoop/share/hadoop/yarn/lib/log4j-1.2.17.jar:/usr/local/hadoop/share/hadoop/yarn/lib/jersey-core-1.9.jar:/usr/local/hadoop/share/hadoop/yarn/lib/httpclient-4.5.2.jar:/usr/local/hadoop/share/hadoop/yarn/lib/commons-lang-2.6.jar:/usr/local/hadoop/share/hadoop/yarn/lib/xz-1.0.jar:/usr/local/hadoop/share/hadoop/yarn/lib/jsch-0.1.54.jar:/usr/local/hadoop/share/hadoop/yarn/lib/woodstox-core-5.0.3.jar:/usr/local/hadoop/share/hadoop/yarn/lib/jetty-6.1.26.jar:/usr/local/hadoop/share/hadoop/yarn/lib/curator-framework-2.7.1.jar:/usr/local/hadoop/share/hadoop/yarn/lib/xmlenc-0.52.jar:/usr/local/hadoop/share/hadoop/yarn/lib/jackson-jaxrs-1.9.13.jar:/usr/local/hadoop/share/hadoop/yarn/lib/jetty-sslengine-6.1.26.jar:/usr/local/hadoop/share/hadoop/yarn/lib/jackson-xc-1.9.13.jar:/usr/local/hadoop/share/hadoop/yarn/lib/HikariCP-java7-2.4.12.jar:/usr/local/hadoop/share/hadoop/yarn/lib/jets3t-0.9.0.jar:/usr/local/hadoop/share/hadoop/yarn/lib/json-smart-1.1.1.jar:/usr/local/hadoop/share/hadoop/yarn/lib/jaxb-impl-2.2.3-1.jar:/usr/local/hadoop/share/hadoop/yarn/lib/zookeeper-3.4.6.jar:/usr/local/hadoop/share/hadoop/yarn/lib/commons-collections-3.2.2.jar:/usr/local/hadoop/share/hadoop/yarn/lib/guava-11.0.2.jar:/usr/local/hadoop/share/hadoop/yarn/lib/htrace-core4-4.1.0-incubating.jar:/usr/local/hadoop/share/hadoop/yarn/lib/commons-logging-1.1.3.jar:/usr/local/hadoop/share/hadoop/yarn/lib/commons-codec-1.4.jar:/usr/local/hadoop/share/hadoop/yarn/lib/avro-1.7.7.jar:/usr/local/hadoop/share/hadoop/yarn/lib/stax-api-1.0-2.jar:/usr/local/hadoop/share/hadoop/yarn/lib/curator-client-2.7.1.jar:/usr/local/hadoop/share/hadoop/yarn/lib/jackson-core-asl-1.9.13.jar:/usr/local/hadoop/share/hadoop/yarn/lib/javassist-3.18.1-GA.jar:/usr/local/hadoop/share/hadoop/yarn/lib/asm-3.2.jar:/usr/local/hadoop/share/hadoop/yarn/lib/javax.inject-1.jar:/usr/local/hadoop/share/hadoop/yarn/lib/commons-math3-3.1.1.jar:/usr/local/hadoop/share/hadoop/yarn/lib/jsr305-3.0.0.jar:/usr/local/hadoop/share/hadoop/yarn/lib/jaxb-api-2.2.2.jar:/usr/local/hadoop/share/hadoop/yarn/lib/mssql-jdbc-6.2.1.jre7.jar:/usr/local/hadoop/share/hadoop/yarn/lib/netty-3.6.2.Final.jar:/usr/local/hadoop/share/hadoop/yarn/lib/activation-1.1.jar:/usr/local/hadoop/share/hadoop/yarn/lib/jersey-server-1.9.jar:/usr/local/hadoop/share/hadoop/yarn/lib/jsp-api-2.1.jar:/usr/local/hadoop/share/hadoop/yarn/lib/curator-recipes-2.7.1.jar:/usr/local/hadoop/share/hadoop/yarn/lib/jcip-annotations-1.0.jar:/usr/local/hadoop/share/hadoop/yarn/lib/api-asn1-api-1.0.0-M20.jar:/usr/local/hadoop/share/hadoop/yarn/lib/commons-net-3.1.jar:/usr/local/hadoop/share/hadoop/yarn/lib/commons-math-2.2.jar:/usr/local/hadoop/share/hadoop/yarn/lib/apacheds-i18n-2.0.0-M15.jar:/usr/local/hadoop/share/hadoop/yarn/lib/gson-2.2.4.jar:/usr/local/hadoop/share/hadoop/yarn/lib/servlet-api-2.5.jar:/usr/local/hadoop/share/hadoop/yarn/lib/commons-configuration-1.6.jar:/usr/local/hadoop/share/hadoop/yarn/lib/curator-test-2.7.1.jar:/usr/local/hadoop/share/hadoop/yarn/hadoop-yarn-server-applicationhistoryservice-2.9.0.jar:/usr/local/hadoop/share/hadoop/yarn/hadoop-yarn-client-2.9.0.jar:/usr/local/hadoop/share/hadoop/yarn/hadoop-yarn-server-sharedcachemanager-2.9.0.jar:/usr/local/hadoop/share/hadoop/yarn/hadoop-yarn-api-2.9.0.jar:/usr/local/hadoop/share/hadoop/yarn/hadoop-yarn-server-resourcemanager-2.9.0.jar:/usr/local/hadoop/share/hadoop/yarn/hadoop-yarn-server-web-proxy-2.9.0.jar:/usr/local/hadoop/share/hadoop/yarn/hadoop-yarn-server-nodemanager-2.9.0.jar:/usr/local/hadoop/share/hadoop/yarn/hadoop-yarn-applications-unmanaged-am-launcher-2.9.0.jar:/usr/local/hadoop/share/hadoop/yarn/hadoop-yarn-applications-distributedshell-2.9.0.jar:/usr/local/hadoop/share/hadoop/yarn/hadoop-yarn-server-router-2.9.0.jar:/usr/local/hadoop/share/hadoop/yarn/hadoop-yarn-server-tests-2.9.0.jar:/usr/local/hadoop/share/hadoop/yarn/hadoop-yarn-server-timeline-pluginstorage-2.9.0.jar:/usr/local/hadoop/share/hadoop/yarn/hadoop-yarn-registry-2.9.0.jar:/usr/local/hadoop/share/hadoop/yarn/hadoop-yarn-server-common-2.9.0.jar:/usr/local/hadoop/share/hadoop/yarn/hadoop-yarn-common-2.9.0.jar:/usr/local/hadoop/share/hadoop/mapreduce/lib/commons-compress-1.4.1.jar:/usr/local/hadoop/share/hadoop/mapreduce/lib/jackson-mapper-asl-1.9.13.jar:/usr/local/hadoop/share/hadoop/mapreduce/lib/guice-servlet-3.0.jar:/usr/local/hadoop/share/hadoop/mapreduce/lib/aopalliance-1.0.jar:/usr/local/hadoop/share/hadoop/mapreduce/lib/jersey-guice-1.9.jar:/usr/local/hadoop/share/hadoop/mapreduce/lib/guice-3.0.jar:/usr/local/hadoop/share/hadoop/mapreduce/lib/snappy-java-1.0.5.jar:/usr/local/hadoop/share/hadoop/mapreduce/lib/leveldbjni-all-1.8.jar:/usr/local/hadoop/share/hadoop/mapreduce/lib/protobuf-java-2.5.0.jar:/usr/local/hadoop/share/hadoop/mapreduce/lib/junit-4.11.jar:/usr/local/hadoop/share/hadoop/mapreduce/lib/commons-io-2.4.jar:/usr/local/hadoop/share/hadoop/mapreduce/lib/paranamer-2.3.jar:/usr/local/hadoop/share/hadoop/mapreduce/lib/log4j-1.2.17.jar:/usr/local/hadoop/share/hadoop/mapreduce/lib/jersey-core-1.9.jar:/usr/local/hadoop/share/hadoop/mapreduce/lib/xz-1.0.jar:/usr/local/hadoop/share/hadoop/mapreduce/lib/hadoop-annotations-2.9.0.jar:/usr/local/hadoop/share/hadoop/mapreduce/lib/avro-1.7.7.jar:/usr/local/hadoop/share/hadoop/mapreduce/lib/jackson-core-asl-1.9.13.jar:/usr/local/hadoop/share/hadoop/mapreduce/lib/asm-3.2.jar:/usr/local/hadoop/share/hadoop/mapreduce/lib/javax.inject-1.jar:/usr/local/hadoop/share/hadoop/mapreduce/lib/hamcrest-core-1.3.jar:/usr/local/hadoop/share/hadoop/mapreduce/lib/netty-3.6.2.Final.jar:/usr/local/hadoop/share/hadoop/mapreduce/lib/jersey-server-1.9.jar:/usr/local/hadoop/share/hadoop/mapreduce/hadoop-mapreduce-client-app-2.9.0.jar:/usr/local/hadoop/share/hadoop/mapreduce/hadoop-mapreduce-client-core-2.9.0.jar:/usr/local/hadoop/share/hadoop/mapreduce/hadoop-mapreduce-client-hs-plugins-2.9.0.jar:/usr/local/hadoop/share/hadoop/mapreduce/hadoop-mapreduce-client-shuffle-2.9.0.jar:/usr/local/hadoop/share/hadoop/mapreduce/hadoop-mapreduce-client-jobclient-2.9.0-tests.jar:/usr/local/hadoop/share/hadoop/mapreduce/hadoop-mapreduce-examples-2.9.0.jar:/usr/local/hadoop/share/hadoop/mapreduce/hadoop-mapreduce-client-jobclient-2.9.0.jar:/usr/local/hadoop/share/hadoop/mapreduce/hadoop-mapreduce-client-common-2.9.0.jar:/usr/local/hadoop/share/hadoop/mapreduce/hadoop-mapreduce-client-hs-2.9.0.jar:/contrib/capacity-scheduler/*.jar:/contrib/capacity-scheduler/*.jar:/contrib/capacity-scheduler/*.jar
STARTUP_MSG:   build = https://git-wip-us.apache.org/repos/asf/hadoop.git -r 756ebc8394e473ac25feac05fa493f6d612e6c50; compiled by 'arsuresh' on 2017-11-13T23:15Z
STARTUP_MSG:   java = 11.0.8
************************************************************/
2020-07-29 14:02:14,603 INFO org.apache.hadoop.hdfs.server.namenode.NameNode: registered UNIX signal handlers for [TERM, HUP, INT]
2020-07-29 14:02:14,610 INFO org.apache.hadoop.hdfs.server.namenode.NameNode: createNameNode []
2020-07-29 14:02:15,055 INFO org.apache.hadoop.metrics2.impl.MetricsConfig: loaded properties from hadoop-metrics2.properties
2020-07-29 14:02:15,597 INFO org.apache.hadoop.metrics2.impl.MetricsSystemImpl: Scheduled Metric snapshot period at 10 second(s).
2020-07-29 14:02:15,597 INFO org.apache.hadoop.metrics2.impl.MetricsSystemImpl: NameNode metrics system started
2020-07-29 14:02:15,647 INFO org.apache.hadoop.hdfs.server.namenode.NameNode: fs.defaultFS is hdfs://localhost:9000
2020-07-29 14:02:15,653 INFO org.apache.hadoop.hdfs.server.namenode.NameNode: Clients are to use localhost:9000 to access this namenode/service.
2020-07-29 14:02:16,181 INFO org.apache.hadoop.util.JvmPauseMonitor: Starting JVM pause monitor
2020-07-29 14:02:16,196 INFO org.apache.hadoop.hdfs.DFSUtil: Starting Web-server for hdfs at: http://0.0.0.0:50070
2020-07-29 14:02:16,300 INFO org.mortbay.log: Logging to org.slf4j.impl.Log4jLoggerAdapter(org.mortbay.log) via org.mortbay.log.Slf4jLog
2020-07-29 14:02:16,315 INFO org.apache.hadoop.security.authentication.server.AuthenticationFilter: Unable to initialize FileSignerSecretProvider, falling back to use random secrets.
2020-07-29 14:02:16,348 INFO org.apache.hadoop.http.HttpRequestLog: Http request log for http.requests.namenode is not defined
2020-07-29 14:02:16,358 INFO org.apache.hadoop.http.HttpServer2: Added global filter 'safety' (class=org.apache.hadoop.http.HttpServer2$QuotingInputFilter)
2020-07-29 14:02:16,366 INFO org.apache.hadoop.http.HttpServer2: Added filter static_user_filter (class=org.apache.hadoop.http.lib.StaticUserWebFilter$StaticUserFilter) to context hdfs
2020-07-29 14:02:16,366 INFO org.apache.hadoop.http.HttpServer2: Added filter static_user_filter (class=org.apache.hadoop.http.lib.StaticUserWebFilter$StaticUserFilter) to context static
2020-07-29 14:02:16,366 INFO org.apache.hadoop.http.HttpServer2: Added filter static_user_filter (class=org.apache.hadoop.http.lib.StaticUserWebFilter$StaticUserFilter) to context logs
2020-07-29 14:02:16,612 INFO org.apache.hadoop.http.HttpServer2: Added filter 'org.apache.hadoop.hdfs.web.AuthFilter' (class=org.apache.hadoop.hdfs.web.AuthFilter)
2020-07-29 14:02:16,617 INFO org.apache.hadoop.http.HttpServer2: addJerseyResourcePackage: packageName=org.apache.hadoop.hdfs.server.namenode.web.resources;org.apache.hadoop.hdfs.web.resources, pathSpec=/webhdfs/v1/*
2020-07-29 14:02:16,659 INFO org.apache.hadoop.http.HttpServer2: Jetty bound to port 50070
2020-07-29 14:02:16,659 INFO org.mortbay.log: jetty-6.1.26
2020-07-29 14:02:17,027 INFO org.mortbay.log: Started HttpServer2$SelectChannelConnectorWithSafeStartup@0.0.0.0:50070
2020-07-29 14:02:17,074 WARN org.apache.hadoop.hdfs.server.namenode.FSNamesystem: Only one image storage directory (dfs.namenode.name.dir) configured. Beware of data loss due to lack of redundant storage directories!
2020-07-29 14:02:17,074 WARN org.apache.hadoop.hdfs.server.namenode.FSNamesystem: Only one namespace edits storage directory (dfs.namenode.edits.dir) configured. Beware of data loss due to lack of redundant storage directories!
2020-07-29 14:02:17,248 INFO org.apache.hadoop.hdfs.server.namenode.FSEditLog: Edit logging is async:true
2020-07-29 14:02:17,291 INFO org.apache.hadoop.hdfs.server.namenode.FSNamesystem: KeyProvider: null
2020-07-29 14:02:17,294 INFO org.apache.hadoop.hdfs.server.namenode.FSNamesystem: fsLock is fair: true
2020-07-29 14:02:17,319 INFO org.apache.hadoop.hdfs.server.namenode.FSNamesystem: Detailed lock hold time metrics enabled: false
2020-07-29 14:02:17,529 INFO org.apache.hadoop.hdfs.server.namenode.FSNamesystem: fsOwner             = yagnasri (auth:SIMPLE)
2020-07-29 14:02:17,529 INFO org.apache.hadoop.hdfs.server.namenode.FSNamesystem: supergroup          = supergroup
2020-07-29 14:02:17,529 INFO org.apache.hadoop.hdfs.server.namenode.FSNamesystem: isPermissionEnabled = true
2020-07-29 14:02:17,529 INFO org.apache.hadoop.hdfs.server.namenode.FSNamesystem: HA Enabled: false
2020-07-29 14:02:17,615 INFO org.apache.hadoop.hdfs.server.common.Util: dfs.datanode.fileio.profiling.sampling.percentage set to 0. Disabling file IO profiling
2020-07-29 14:02:17,634 INFO org.apache.hadoop.hdfs.server.blockmanagement.DatanodeManager: dfs.block.invalidate.limit: configured=1000, counted=60, effected=1000
2020-07-29 14:02:17,634 INFO org.apache.hadoop.hdfs.server.blockmanagement.DatanodeManager: dfs.namenode.datanode.registration.ip-hostname-check=true
2020-07-29 14:02:17,643 INFO org.apache.hadoop.hdfs.server.blockmanagement.BlockManager: dfs.namenode.startup.delay.block.deletion.sec is set to 000:00:00:00.000
2020-07-29 14:02:17,651 INFO org.apache.hadoop.hdfs.server.blockmanagement.BlockManager: The block deletion will start around 2020 Jul 29 14:02:17
2020-07-29 14:02:17,653 INFO org.apache.hadoop.util.GSet: Computing capacity for map BlocksMap
2020-07-29 14:02:17,653 INFO org.apache.hadoop.util.GSet: VM type       = 64-bit
2020-07-29 14:02:17,654 INFO org.apache.hadoop.util.GSet: 2.0% max memory 966.7 MB = 19.3 MB
2020-07-29 14:02:17,654 INFO org.apache.hadoop.util.GSet: capacity      = 2^21 = 2097152 entries
2020-07-29 14:02:17,677 INFO org.apache.hadoop.hdfs.server.blockmanagement.BlockManager: dfs.block.access.token.enable=false
2020-07-29 14:02:17,687 WARN org.apache.hadoop.conf.Configuration: No unit for dfs.namenode.safemode.extension(30000) assuming MILLISECONDS
2020-07-29 14:02:17,687 INFO org.apache.hadoop.hdfs.server.blockmanagement.BlockManagerSafeMode: dfs.namenode.safemode.threshold-pct = 0.9990000128746033
2020-07-29 14:02:17,687 INFO org.apache.hadoop.hdfs.server.blockmanagement.BlockManagerSafeMode: dfs.namenode.safemode.min.datanodes = 0
2020-07-29 14:02:17,687 INFO org.apache.hadoop.hdfs.server.blockmanagement.BlockManagerSafeMode: dfs.namenode.safemode.extension = 30000
2020-07-29 14:02:17,687 INFO org.apache.hadoop.hdfs.server.blockmanagement.BlockManager: defaultReplication         = 1
2020-07-29 14:02:17,687 INFO org.apache.hadoop.hdfs.server.blockmanagement.BlockManager: maxReplication             = 512
2020-07-29 14:02:17,687 INFO org.apache.hadoop.hdfs.server.blockmanagement.BlockManager: minReplication             = 1
2020-07-29 14:02:17,687 INFO org.apache.hadoop.hdfs.server.blockmanagement.BlockManager: maxReplicationStreams      = 2
2020-07-29 14:02:17,687 INFO org.apache.hadoop.hdfs.server.blockmanagement.BlockManager: replicationRecheckInterval = 3000
2020-07-29 14:02:17,687 INFO org.apache.hadoop.hdfs.server.blockmanagement.BlockManager: encryptDataTransfer        = false
2020-07-29 14:02:17,687 INFO org.apache.hadoop.hdfs.server.blockmanagement.BlockManager: maxNumBlocksToLog          = 1000
2020-07-29 14:02:17,690 INFO org.apache.hadoop.hdfs.server.namenode.FSNamesystem: Append Enabled: true
2020-07-29 14:02:17,820 INFO org.apache.hadoop.util.GSet: Computing capacity for map INodeMap
2020-07-29 14:02:17,820 INFO org.apache.hadoop.util.GSet: VM type       = 64-bit
2020-07-29 14:02:17,820 INFO org.apache.hadoop.util.GSet: 1.0% max memory 966.7 MB = 9.7 MB
2020-07-29 14:02:17,820 INFO org.apache.hadoop.util.GSet: capacity      = 2^20 = 1048576 entries
2020-07-29 14:02:17,822 INFO org.apache.hadoop.hdfs.server.namenode.FSDirectory: ACLs enabled? false
2020-07-29 14:02:17,822 INFO org.apache.hadoop.hdfs.server.namenode.FSDirectory: XAttrs enabled? true
2020-07-29 14:02:17,822 INFO org.apache.hadoop.hdfs.server.namenode.NameNode: Caching file names occurring more than 10 times
2020-07-29 14:02:17,824 INFO org.apache.hadoop.hdfs.server.namenode.snapshot.SnapshotManager: Loaded config captureOpenFiles: falseskipCaptureAccessTimeOnlyChange: false
2020-07-29 14:02:17,834 INFO org.apache.hadoop.util.GSet: Computing capacity for map cachedBlocks
2020-07-29 14:02:17,834 INFO org.apache.hadoop.util.GSet: VM type       = 64-bit
2020-07-29 14:02:17,838 INFO org.apache.hadoop.util.GSet: 0.25% max memory 966.7 MB = 2.4 MB
2020-07-29 14:02:17,838 INFO org.apache.hadoop.util.GSet: capacity      = 2^18 = 262144 entries
2020-07-29 14:02:17,849 INFO org.apache.hadoop.hdfs.server.namenode.top.metrics.TopMetrics: NNTop conf: dfs.namenode.top.window.num.buckets = 10
2020-07-29 14:02:17,849 INFO org.apache.hadoop.hdfs.server.namenode.top.metrics.TopMetrics: NNTop conf: dfs.namenode.top.num.users = 10
2020-07-29 14:02:17,849 INFO org.apache.hadoop.hdfs.server.namenode.top.metrics.TopMetrics: NNTop conf: dfs.namenode.top.windows.minutes = 1,5,25
2020-07-29 14:02:17,861 INFO org.apache.hadoop.hdfs.server.namenode.FSNamesystem: Retry cache on namenode is enabled
2020-07-29 14:02:17,861 INFO org.apache.hadoop.hdfs.server.namenode.FSNamesystem: Retry cache will use 0.03 of total heap and retry cache entry expiry time is 600000 millis
2020-07-29 14:02:17,869 INFO org.apache.hadoop.util.GSet: Computing capacity for map NameNodeRetryCache
2020-07-29 14:02:17,870 INFO org.apache.hadoop.util.GSet: VM type       = 64-bit
2020-07-29 14:02:17,870 INFO org.apache.hadoop.util.GSet: 0.029999999329447746% max memory 966.7 MB = 297.0 KB
2020-07-29 14:02:17,870 INFO org.apache.hadoop.util.GSet: capacity      = 2^15 = 32768 entries
2020-07-29 14:02:17,932 INFO org.apache.hadoop.hdfs.server.common.Storage: Lock on /usr/local/hadoop_tmp/hdfs/namenode/in_use.lock acquired by nodename 10419@yagnasri-VirtualBox
2020-07-29 14:02:17,987 INFO org.apache.hadoop.hdfs.server.namenode.FileJournalManager: Recovering unfinalized segments in /usr/local/hadoop_tmp/hdfs/namenode/current
2020-07-29 14:02:17,988 INFO org.apache.hadoop.hdfs.server.namenode.FSImage: No edit log streams selected.
2020-07-29 14:02:17,988 INFO org.apache.hadoop.hdfs.server.namenode.FSImage: Planning to load image: FSImageFile(file=/usr/local/hadoop_tmp/hdfs/namenode/current/fsimage_0000000000000000000, cpktTxId=0000000000000000000)
2020-07-29 14:02:18,048 INFO org.apache.hadoop.hdfs.server.namenode.FSImageFormatPBINode: Loading 1 INodes.
2020-07-29 14:02:18,095 INFO org.apache.hadoop.hdfs.server.namenode.FSImageFormatProtobuf: Loaded FSImage in 0 seconds.
2020-07-29 14:02:18,095 INFO org.apache.hadoop.hdfs.server.namenode.FSImage: Loaded image for txid 0 from /usr/local/hadoop_tmp/hdfs/namenode/current/fsimage_0000000000000000000
2020-07-29 14:02:18,171 INFO org.apache.hadoop.hdfs.server.namenode.FSNamesystem: Need to save fs image? false (staleImage=false, haEnabled=false, isRollingUpgrade=false)
2020-07-29 14:02:18,176 INFO org.apache.hadoop.hdfs.server.namenode.FSEditLog: Starting log segment at 1
2020-07-29 14:02:18,382 INFO org.apache.hadoop.hdfs.server.namenode.NameCache: initialized with 0 entries 0 lookups
2020-07-29 14:02:18,382 INFO org.apache.hadoop.hdfs.server.namenode.FSNamesystem: Finished loading FSImage in 508 msecs
2020-07-29 14:02:18,603 INFO org.apache.hadoop.hdfs.server.namenode.NameNode: RPC server is binding to localhost:9000
2020-07-29 14:02:18,610 INFO org.apache.hadoop.ipc.CallQueueManager: Using callQueue: class java.util.concurrent.LinkedBlockingQueue queueCapacity: 1000 scheduler: class org.apache.hadoop.ipc.DefaultRpcScheduler
2020-07-29 14:02:18,625 INFO org.apache.hadoop.ipc.Server: Starting Socket Reader #1 for port 9000
2020-07-29 14:02:18,765 INFO org.apache.hadoop.hdfs.server.namenode.FSNamesystem: Registered FSNamesystemState MBean
2020-07-29 14:02:18,796 INFO org.apache.hadoop.hdfs.server.namenode.LeaseManager: Number of blocks under construction: 0
2020-07-29 14:02:18,814 INFO org.apache.hadoop.hdfs.server.blockmanagement.BlockManager: initializing replication queues
2020-07-29 14:02:18,816 INFO org.apache.hadoop.hdfs.StateChange: STATE* Leaving safe mode after 0 secs
2020-07-29 14:02:18,816 INFO org.apache.hadoop.hdfs.StateChange: STATE* Network topology has 0 racks and 0 datanodes
2020-07-29 14:02:18,816 INFO org.apache.hadoop.hdfs.StateChange: STATE* UnderReplicatedBlocks has 0 blocks
2020-07-29 14:02:18,893 INFO org.apache.hadoop.hdfs.server.blockmanagement.BlockManager: Total number of blocks            = 0
2020-07-29 14:02:18,903 INFO org.apache.hadoop.hdfs.server.blockmanagement.BlockManager: Number of invalid blocks          = 0
2020-07-29 14:02:18,903 INFO org.apache.hadoop.hdfs.server.blockmanagement.BlockManager: Number of under-replicated blocks = 0
2020-07-29 14:02:18,903 INFO org.apache.hadoop.hdfs.server.blockmanagement.BlockManager: Number of  over-replicated blocks = 0
2020-07-29 14:02:18,903 INFO org.apache.hadoop.hdfs.server.blockmanagement.BlockManager: Number of blocks being written    = 0
2020-07-29 14:02:18,903 INFO org.apache.hadoop.hdfs.StateChange: STATE* Replication Queue initialization scan for invalid, over- and under-replicated blocks completed in 81 msec
2020-07-29 14:02:18,932 INFO org.apache.hadoop.hdfs.server.namenode.NameNode: NameNode RPC up at: localhost/127.0.0.1:9000
2020-07-29 14:02:18,917 INFO org.apache.hadoop.ipc.Server: IPC Server Responder: starting
2020-07-29 14:02:18,918 INFO org.apache.hadoop.ipc.Server: IPC Server listener on 9000: starting
2020-07-29 14:02:18,937 INFO org.apache.hadoop.hdfs.server.namenode.FSNamesystem: Starting services required for active state
2020-07-29 14:02:18,937 INFO org.apache.hadoop.hdfs.server.namenode.FSDirectory: Initializing quota with 4 thread(s)
2020-07-29 14:02:18,946 INFO org.apache.hadoop.hdfs.server.namenode.FSDirectory: Quota initialization completed in 9 milliseconds
name space=1
storage space=0
storage types=RAM_DISK=0, SSD=0, DISK=0, ARCHIVE=0
2020-07-29 14:02:18,962 INFO org.apache.hadoop.hdfs.server.blockmanagement.CacheReplicationMonitor: Starting CacheReplicationMonitor with interval 30000 milliseconds
2020-07-29 14:02:32,185 INFO org.apache.hadoop.hdfs.StateChange: BLOCK* registerDatanode: from DatanodeRegistration(127.0.0.1:50010, datanodeUuid=aad61f5b-13ef-4464-b897-3af028a56ea0, infoPort=50075, infoSecurePort=0, ipcPort=50020, storageInfo=lv=-57;cid=CID-18e8aa22-4e63-4af1-a030-ca1a0f0d2f3c;nsid=415985864;c=1596049283577) storage aad61f5b-13ef-4464-b897-3af028a56ea0
2020-07-29 14:02:32,187 INFO org.apache.hadoop.net.NetworkTopology: Adding a new node: /default-rack/127.0.0.1:50010
2020-07-29 14:02:32,187 INFO org.apache.hadoop.hdfs.server.blockmanagement.BlockReportLeaseManager: Registered DN aad61f5b-13ef-4464-b897-3af028a56ea0 (127.0.0.1:50010).
2020-07-29 14:02:32,318 INFO org.apache.hadoop.hdfs.server.blockmanagement.DatanodeDescriptor: Adding new storage ID DS-b0bfe9b6-ae06-4f5b-94d3-f7da6492e062 for DN 127.0.0.1:50010
2020-07-29 14:02:32,386 INFO BlockStateChange: BLOCK* processReport 0x1ec6c133afc8ed6: Processing first storage report for DS-b0bfe9b6-ae06-4f5b-94d3-f7da6492e062 from datanode aad61f5b-13ef-4464-b897-3af028a56ea0
2020-07-29 14:02:32,387 INFO BlockStateChange: BLOCK* processReport 0x1ec6c133afc8ed6: from storage DS-b0bfe9b6-ae06-4f5b-94d3-f7da6492e062 node DatanodeRegistration(127.0.0.1:50010, datanodeUuid=aad61f5b-13ef-4464-b897-3af028a56ea0, infoPort=50075, infoSecurePort=0, ipcPort=50020, storageInfo=lv=-57;cid=CID-18e8aa22-4e63-4af1-a030-ca1a0f0d2f3c;nsid=415985864;c=1596049283577), blocks: 0, hasStaleStorage: false, processing time: 2 msecs, invalidatedBlocks: 0
2020-07-29 14:14:05,730 INFO org.apache.hadoop.hdfs.server.namenode.FSNamesystem: Roll Edit Log from 127.0.0.1
2020-07-29 14:14:05,730 INFO org.apache.hadoop.hdfs.server.namenode.FSEditLog: Rolling edit logs
2020-07-29 14:14:05,731 INFO org.apache.hadoop.hdfs.server.namenode.FSEditLog: Ending log segment 1, 1
2020-07-29 14:14:05,731 INFO org.apache.hadoop.hdfs.server.namenode.FSEditLog: Number of transactions: 2 Total time for transactions(ms): 0 Number of transactions batched in Syncs: 0 Number of syncs: 2 SyncTimes(ms): 36 
2020-07-29 14:14:05,733 INFO org.apache.hadoop.hdfs.server.namenode.FSEditLog: Number of transactions: 2 Total time for transactions(ms): 0 Number of transactions batched in Syncs: 0 Number of syncs: 3 SyncTimes(ms): 38 
2020-07-29 14:14:05,734 INFO org.apache.hadoop.hdfs.server.namenode.FileJournalManager: Finalizing edits file /usr/local/hadoop_tmp/hdfs/namenode/current/edits_inprogress_0000000000000000001 -> /usr/local/hadoop_tmp/hdfs/namenode/current/edits_0000000000000000001-0000000000000000002
2020-07-29 14:14:05,837 INFO org.apache.hadoop.hdfs.server.namenode.FSEditLog: Starting log segment at 3
2020-07-29 14:14:07,689 INFO org.apache.hadoop.hdfs.server.namenode.TransferFsImage: Sending fileName: /usr/local/hadoop_tmp/hdfs/namenode/current/fsimage_0000000000000000000, fileSize: 325. Sent total: 325 bytes. Size of last segment intended to send: -1 bytes.
2020-07-29 14:14:07,734 INFO org.apache.hadoop.hdfs.server.namenode.TransferFsImage: Sending fileName: /usr/local/hadoop_tmp/hdfs/namenode/current/edits_0000000000000000001-0000000000000000002, fileSize: 42. Sent total: 42 bytes. Size of last segment intended to send: -1 bytes.
2020-07-29 14:14:08,414 INFO org.apache.hadoop.hdfs.server.namenode.TransferFsImage: Combined time for fsimage download and fsync to all disks took 0.00s. The fsimage download took 0.00s at 0.00 KB/s. Synchronous (fsync) write to disk of /usr/local/hadoop_tmp/hdfs/namenode/current/fsimage.ckpt_0000000000000000002 took 0.00s.
2020-07-29 14:14:08,414 INFO org.apache.hadoop.hdfs.server.namenode.TransferFsImage: Downloaded file fsimage.ckpt_0000000000000000002 size 325 bytes.
2020-07-29 14:14:08,428 INFO org.apache.hadoop.hdfs.server.namenode.NNStorageRetentionManager: Going to retain 2 images with txid >= 0
2020-07-29 14:21:08,366 INFO BlockStateChange: BLOCK* processReport 0x1ec6c133afc8ed7: from storage DS-b0bfe9b6-ae06-4f5b-94d3-f7da6492e062 node DatanodeRegistration(127.0.0.1:50010, datanodeUuid=aad61f5b-13ef-4464-b897-3af028a56ea0, infoPort=50075, infoSecurePort=0, ipcPort=50020, storageInfo=lv=-57;cid=CID-18e8aa22-4e63-4af1-a030-ca1a0f0d2f3c;nsid=415985864;c=1596049283577), blocks: 0, hasStaleStorage: false, processing time: 10 msecs, invalidatedBlocks: 0
2020-07-29 15:19:13,550 INFO org.apache.hadoop.hdfs.server.namenode.FSNamesystem: Roll Edit Log from 127.0.0.1
2020-07-29 15:19:13,551 INFO org.apache.hadoop.hdfs.server.namenode.FSEditLog: Rolling edit logs
2020-07-29 15:19:13,551 INFO org.apache.hadoop.hdfs.server.namenode.FSEditLog: Ending log segment 3, 3
2020-07-29 15:19:13,551 INFO org.apache.hadoop.hdfs.server.namenode.FSEditLog: Number of transactions: 2 Total time for transactions(ms): 1 Number of transactions batched in Syncs: 0 Number of syncs: 2 SyncTimes(ms): 33 
2020-07-29 15:19:13,793 INFO org.apache.hadoop.hdfs.server.namenode.FSEditLog: Number of transactions: 2 Total time for transactions(ms): 1 Number of transactions batched in Syncs: 0 Number of syncs: 3 SyncTimes(ms): 275 
2020-07-29 15:19:13,796 INFO org.apache.hadoop.hdfs.server.namenode.FileJournalManager: Finalizing edits file /usr/local/hadoop_tmp/hdfs/namenode/current/edits_inprogress_0000000000000000003 -> /usr/local/hadoop_tmp/hdfs/namenode/current/edits_0000000000000000003-0000000000000000004
2020-07-29 15:19:13,797 INFO org.apache.hadoop.hdfs.server.namenode.FSEditLog: Starting log segment at 5
2020-07-29 15:19:13,888 INFO org.apache.hadoop.hdfs.server.namenode.TransferFsImage: Sending fileName: /usr/local/hadoop_tmp/hdfs/namenode/current/edits_0000000000000000003-0000000000000000004, fileSize: 42. Sent total: 42 bytes. Size of last segment intended to send: -1 bytes.
2020-07-29 15:19:13,960 INFO org.apache.hadoop.hdfs.server.namenode.TransferFsImage: Combined time for fsimage download and fsync to all disks took 0.00s. The fsimage download took 0.00s at 0.00 KB/s. Synchronous (fsync) write to disk of /usr/local/hadoop_tmp/hdfs/namenode/current/fsimage.ckpt_0000000000000000004 took 0.00s.
2020-07-29 15:19:13,960 INFO org.apache.hadoop.hdfs.server.namenode.TransferFsImage: Downloaded file fsimage.ckpt_0000000000000000004 size 325 bytes.
2020-07-29 15:19:13,973 INFO org.apache.hadoop.hdfs.server.namenode.NNStorageRetentionManager: Going to retain 2 images with txid >= 2
2020-07-29 15:19:13,973 INFO org.apache.hadoop.hdfs.server.namenode.NNStorageRetentionManager: Purging old image FSImageFile(file=/usr/local/hadoop_tmp/hdfs/namenode/current/fsimage_0000000000000000000, cpktTxId=0000000000000000000)
2020-07-29 16:19:14,839 INFO org.apache.hadoop.hdfs.server.namenode.FSNamesystem: Roll Edit Log from 127.0.0.1
2020-07-29 16:19:14,839 INFO org.apache.hadoop.hdfs.server.namenode.FSEditLog: Rolling edit logs
2020-07-29 16:19:14,839 INFO org.apache.hadoop.hdfs.server.namenode.FSEditLog: Ending log segment 5, 5
2020-07-29 16:19:14,841 INFO org.apache.hadoop.hdfs.server.namenode.FSEditLog: Number of transactions: 2 Total time for transactions(ms): 1 Number of transactions batched in Syncs: 0 Number of syncs: 2 SyncTimes(ms): 39 
2020-07-29 16:19:14,876 INFO org.apache.hadoop.hdfs.server.namenode.FSEditLog: Number of transactions: 2 Total time for transactions(ms): 1 Number of transactions batched in Syncs: 0 Number of syncs: 3 SyncTimes(ms): 74 
2020-07-29 16:19:14,877 INFO org.apache.hadoop.hdfs.server.namenode.FileJournalManager: Finalizing edits file /usr/local/hadoop_tmp/hdfs/namenode/current/edits_inprogress_0000000000000000005 -> /usr/local/hadoop_tmp/hdfs/namenode/current/edits_0000000000000000005-0000000000000000006
2020-07-29 16:19:14,878 INFO org.apache.hadoop.hdfs.server.namenode.FSEditLog: Starting log segment at 7
2020-07-29 16:19:14,933 INFO org.apache.hadoop.hdfs.server.namenode.TransferFsImage: Sending fileName: /usr/local/hadoop_tmp/hdfs/namenode/current/edits_0000000000000000005-0000000000000000006, fileSize: 42. Sent total: 42 bytes. Size of last segment intended to send: -1 bytes.
2020-07-29 16:19:15,092 INFO org.apache.hadoop.hdfs.server.namenode.TransferFsImage: Combined time for fsimage download and fsync to all disks took 0.00s. The fsimage download took 0.00s at 0.00 KB/s. Synchronous (fsync) write to disk of /usr/local/hadoop_tmp/hdfs/namenode/current/fsimage.ckpt_0000000000000000006 took 0.00s.
2020-07-29 16:19:15,093 INFO org.apache.hadoop.hdfs.server.namenode.TransferFsImage: Downloaded file fsimage.ckpt_0000000000000000006 size 325 bytes.
2020-07-29 16:19:15,098 INFO org.apache.hadoop.hdfs.server.namenode.NNStorageRetentionManager: Going to retain 2 images with txid >= 4
2020-07-29 16:19:15,098 INFO org.apache.hadoop.hdfs.server.namenode.NNStorageRetentionManager: Purging old image FSImageFile(file=/usr/local/hadoop_tmp/hdfs/namenode/current/fsimage_0000000000000000002, cpktTxId=0000000000000000002)
2020-07-29 17:19:15,840 INFO org.apache.hadoop.hdfs.server.namenode.FSNamesystem: Roll Edit Log from 127.0.0.1
2020-07-29 17:19:15,840 INFO org.apache.hadoop.hdfs.server.namenode.FSEditLog: Rolling edit logs
2020-07-29 17:19:15,840 INFO org.apache.hadoop.hdfs.server.namenode.FSEditLog: Ending log segment 7, 7
2020-07-29 17:19:15,841 INFO org.apache.hadoop.hdfs.server.namenode.FSEditLog: Number of transactions: 2 Total time for transactions(ms): 0 Number of transactions batched in Syncs: 0 Number of syncs: 2 SyncTimes(ms): 21 
2020-07-29 17:19:15,842 INFO org.apache.hadoop.hdfs.server.namenode.FSEditLog: Number of transactions: 2 Total time for transactions(ms): 0 Number of transactions batched in Syncs: 0 Number of syncs: 3 SyncTimes(ms): 23 
2020-07-29 17:19:15,843 INFO org.apache.hadoop.hdfs.server.namenode.FileJournalManager: Finalizing edits file /usr/local/hadoop_tmp/hdfs/namenode/current/edits_inprogress_0000000000000000007 -> /usr/local/hadoop_tmp/hdfs/namenode/current/edits_0000000000000000007-0000000000000000008
2020-07-29 17:19:15,843 INFO org.apache.hadoop.hdfs.server.namenode.FSEditLog: Starting log segment at 9
2020-07-29 17:19:15,878 INFO org.apache.hadoop.hdfs.server.namenode.TransferFsImage: Sending fileName: /usr/local/hadoop_tmp/hdfs/namenode/current/edits_0000000000000000007-0000000000000000008, fileSize: 42. Sent total: 42 bytes. Size of last segment intended to send: -1 bytes.
2020-07-29 17:19:15,930 INFO org.apache.hadoop.hdfs.server.namenode.TransferFsImage: Combined time for fsimage download and fsync to all disks took 0.00s. The fsimage download took 0.00s at 0.00 KB/s. Synchronous (fsync) write to disk of /usr/local/hadoop_tmp/hdfs/namenode/current/fsimage.ckpt_0000000000000000008 took 0.00s.
2020-07-29 17:19:15,930 INFO org.apache.hadoop.hdfs.server.namenode.TransferFsImage: Downloaded file fsimage.ckpt_0000000000000000008 size 325 bytes.
2020-07-29 17:19:15,945 INFO org.apache.hadoop.hdfs.server.namenode.NNStorageRetentionManager: Going to retain 2 images with txid >= 6
2020-07-29 17:19:15,945 INFO org.apache.hadoop.hdfs.server.namenode.NNStorageRetentionManager: Purging old image FSImageFile(file=/usr/local/hadoop_tmp/hdfs/namenode/current/fsimage_0000000000000000004, cpktTxId=0000000000000000004)
2020-07-29 18:19:16,726 INFO org.apache.hadoop.hdfs.server.namenode.FSNamesystem: Roll Edit Log from 127.0.0.1
2020-07-29 18:19:16,726 INFO org.apache.hadoop.hdfs.server.namenode.FSEditLog: Rolling edit logs
2020-07-29 18:19:16,726 INFO org.apache.hadoop.hdfs.server.namenode.FSEditLog: Ending log segment 9, 9
2020-07-29 18:19:16,727 INFO org.apache.hadoop.hdfs.server.namenode.FSEditLog: Number of transactions: 2 Total time for transactions(ms): 0 Number of transactions batched in Syncs: 0 Number of syncs: 2 SyncTimes(ms): 19 
2020-07-29 18:19:16,729 INFO org.apache.hadoop.hdfs.server.namenode.FSEditLog: Number of transactions: 2 Total time for transactions(ms): 0 Number of transactions batched in Syncs: 0 Number of syncs: 3 SyncTimes(ms): 21 
2020-07-29 18:19:16,729 INFO org.apache.hadoop.hdfs.server.namenode.FileJournalManager: Finalizing edits file /usr/local/hadoop_tmp/hdfs/namenode/current/edits_inprogress_0000000000000000009 -> /usr/local/hadoop_tmp/hdfs/namenode/current/edits_0000000000000000009-0000000000000000010
2020-07-29 18:19:16,730 INFO org.apache.hadoop.hdfs.server.namenode.FSEditLog: Starting log segment at 11
2020-07-29 18:19:16,782 INFO org.apache.hadoop.hdfs.server.namenode.TransferFsImage: Sending fileName: /usr/local/hadoop_tmp/hdfs/namenode/current/edits_0000000000000000009-0000000000000000010, fileSize: 42. Sent total: 42 bytes. Size of last segment intended to send: -1 bytes.
2020-07-29 18:19:17,070 INFO org.apache.hadoop.hdfs.server.namenode.TransferFsImage: Combined time for fsimage download and fsync to all disks took 0.00s. The fsimage download took 0.00s at 0.00 KB/s. Synchronous (fsync) write to disk of /usr/local/hadoop_tmp/hdfs/namenode/current/fsimage.ckpt_0000000000000000010 took 0.00s.
2020-07-29 18:19:17,070 INFO org.apache.hadoop.hdfs.server.namenode.TransferFsImage: Downloaded file fsimage.ckpt_0000000000000000010 size 325 bytes.
2020-07-29 18:19:17,079 INFO org.apache.hadoop.hdfs.server.namenode.NNStorageRetentionManager: Going to retain 2 images with txid >= 8
2020-07-29 18:19:17,079 INFO org.apache.hadoop.hdfs.server.namenode.NNStorageRetentionManager: Purging old image FSImageFile(file=/usr/local/hadoop_tmp/hdfs/namenode/current/fsimage_0000000000000000006, cpktTxId=0000000000000000006)
2020-07-29 19:16:22,246 INFO org.apache.hadoop.util.JvmPauseMonitor: Detected pause in JVM or host machine (eg GC): pause of approximately 1516ms
No GCs detected
2020-07-29 19:19:17,738 INFO org.apache.hadoop.hdfs.server.namenode.FSNamesystem: Roll Edit Log from 127.0.0.1
2020-07-29 19:19:17,738 INFO org.apache.hadoop.hdfs.server.namenode.FSEditLog: Rolling edit logs
2020-07-29 19:19:17,738 INFO org.apache.hadoop.hdfs.server.namenode.FSEditLog: Ending log segment 11, 11
2020-07-29 19:19:17,739 INFO org.apache.hadoop.hdfs.server.namenode.FSEditLog: Number of transactions: 2 Total time for transactions(ms): 0 Number of transactions batched in Syncs: 0 Number of syncs: 2 SyncTimes(ms): 16 
2020-07-29 19:19:18,978 INFO org.apache.hadoop.hdfs.server.namenode.FSEditLog: Number of transactions: 2 Total time for transactions(ms): 0 Number of transactions batched in Syncs: 0 Number of syncs: 3 SyncTimes(ms): 1255 
2020-07-29 19:19:18,978 INFO org.apache.hadoop.hdfs.server.namenode.FileJournalManager: Finalizing edits file /usr/local/hadoop_tmp/hdfs/namenode/current/edits_inprogress_0000000000000000011 -> /usr/local/hadoop_tmp/hdfs/namenode/current/edits_0000000000000000011-0000000000000000012
2020-07-29 19:19:18,979 INFO org.apache.hadoop.hdfs.server.namenode.FSEditLog: Starting log segment at 13
2020-07-29 19:19:19,034 INFO org.apache.hadoop.hdfs.server.namenode.TransferFsImage: Sending fileName: /usr/local/hadoop_tmp/hdfs/namenode/current/edits_0000000000000000011-0000000000000000012, fileSize: 42. Sent total: 42 bytes. Size of last segment intended to send: -1 bytes.
2020-07-29 19:19:19,067 INFO org.apache.hadoop.hdfs.server.namenode.TransferFsImage: Combined time for fsimage download and fsync to all disks took 0.00s. The fsimage download took 0.00s at 0.00 KB/s. Synchronous (fsync) write to disk of /usr/local/hadoop_tmp/hdfs/namenode/current/fsimage.ckpt_0000000000000000012 took 0.00s.
2020-07-29 19:19:19,067 INFO org.apache.hadoop.hdfs.server.namenode.TransferFsImage: Downloaded file fsimage.ckpt_0000000000000000012 size 325 bytes.
2020-07-29 19:19:19,074 INFO org.apache.hadoop.hdfs.server.namenode.NNStorageRetentionManager: Going to retain 2 images with txid >= 10
2020-07-29 19:19:19,074 INFO org.apache.hadoop.hdfs.server.namenode.NNStorageRetentionManager: Purging old image FSImageFile(file=/usr/local/hadoop_tmp/hdfs/namenode/current/fsimage_0000000000000000008, cpktTxId=0000000000000000008)
2020-07-29 20:26:59,989 INFO org.apache.hadoop.hdfs.server.namenode.FSNamesystem: Roll Edit Log from 127.0.0.1
2020-07-29 20:26:59,989 INFO org.apache.hadoop.hdfs.server.namenode.FSEditLog: Rolling edit logs
2020-07-29 20:26:59,989 INFO org.apache.hadoop.hdfs.server.namenode.FSEditLog: Ending log segment 13, 13
2020-07-29 20:26:59,990 INFO org.apache.hadoop.hdfs.server.namenode.FSEditLog: Number of transactions: 2 Total time for transactions(ms): 0 Number of transactions batched in Syncs: 0 Number of syncs: 2 SyncTimes(ms): 28 
2020-07-29 20:26:59,991 INFO org.apache.hadoop.hdfs.server.namenode.FSEditLog: Number of transactions: 2 Total time for transactions(ms): 0 Number of transactions batched in Syncs: 0 Number of syncs: 3 SyncTimes(ms): 30 
2020-07-29 20:26:59,992 INFO org.apache.hadoop.hdfs.server.namenode.FileJournalManager: Finalizing edits file /usr/local/hadoop_tmp/hdfs/namenode/current/edits_inprogress_0000000000000000013 -> /usr/local/hadoop_tmp/hdfs/namenode/current/edits_0000000000000000013-0000000000000000014
2020-07-29 20:26:59,993 INFO org.apache.hadoop.hdfs.server.namenode.FSEditLog: Starting log segment at 15
2020-07-29 20:27:00,060 INFO org.apache.hadoop.hdfs.server.namenode.TransferFsImage: Sending fileName: /usr/local/hadoop_tmp/hdfs/namenode/current/edits_0000000000000000013-0000000000000000014, fileSize: 42. Sent total: 42 bytes. Size of last segment intended to send: -1 bytes.
2020-07-29 20:27:00,097 INFO org.apache.hadoop.hdfs.server.namenode.TransferFsImage: Combined time for fsimage download and fsync to all disks took 0.00s. The fsimage download took 0.00s at 0.00 KB/s. Synchronous (fsync) write to disk of /usr/local/hadoop_tmp/hdfs/namenode/current/fsimage.ckpt_0000000000000000014 took 0.00s.
2020-07-29 20:27:00,098 INFO org.apache.hadoop.hdfs.server.namenode.TransferFsImage: Downloaded file fsimage.ckpt_0000000000000000014 size 325 bytes.
2020-07-29 20:27:00,104 INFO org.apache.hadoop.hdfs.server.namenode.NNStorageRetentionManager: Going to retain 2 images with txid >= 12
2020-07-29 20:27:00,104 INFO org.apache.hadoop.hdfs.server.namenode.NNStorageRetentionManager: Purging old image FSImageFile(file=/usr/local/hadoop_tmp/hdfs/namenode/current/fsimage_0000000000000000010, cpktTxId=0000000000000000010)
2020-07-29 20:33:54,129 INFO BlockStateChange: BLOCK* processReport 0x1ec6c133afc8ed8: from storage DS-b0bfe9b6-ae06-4f5b-94d3-f7da6492e062 node DatanodeRegistration(127.0.0.1:50010, datanodeUuid=aad61f5b-13ef-4464-b897-3af028a56ea0, infoPort=50075, infoSecurePort=0, ipcPort=50020, storageInfo=lv=-57;cid=CID-18e8aa22-4e63-4af1-a030-ca1a0f0d2f3c;nsid=415985864;c=1596049283577), blocks: 0, hasStaleStorage: false, processing time: 0 msecs, invalidatedBlocks: 0
2020-07-29 21:27:00,526 INFO org.apache.hadoop.hdfs.server.namenode.FSNamesystem: Roll Edit Log from 127.0.0.1
2020-07-29 21:27:00,527 INFO org.apache.hadoop.hdfs.server.namenode.FSEditLog: Rolling edit logs
2020-07-29 21:27:00,527 INFO org.apache.hadoop.hdfs.server.namenode.FSEditLog: Ending log segment 15, 15
2020-07-29 21:27:00,527 INFO org.apache.hadoop.hdfs.server.namenode.FSEditLog: Number of transactions: 2 Total time for transactions(ms): 1 Number of transactions batched in Syncs: 0 Number of syncs: 2 SyncTimes(ms): 36 
2020-07-29 21:27:00,530 INFO org.apache.hadoop.hdfs.server.namenode.FSEditLog: Number of transactions: 2 Total time for transactions(ms): 1 Number of transactions batched in Syncs: 0 Number of syncs: 3 SyncTimes(ms): 39 
2020-07-29 21:27:00,531 INFO org.apache.hadoop.hdfs.server.namenode.FileJournalManager: Finalizing edits file /usr/local/hadoop_tmp/hdfs/namenode/current/edits_inprogress_0000000000000000015 -> /usr/local/hadoop_tmp/hdfs/namenode/current/edits_0000000000000000015-0000000000000000016
2020-07-29 21:27:00,531 INFO org.apache.hadoop.hdfs.server.namenode.FSEditLog: Starting log segment at 17
2020-07-29 21:27:00,600 INFO org.apache.hadoop.hdfs.server.namenode.TransferFsImage: Sending fileName: /usr/local/hadoop_tmp/hdfs/namenode/current/edits_0000000000000000015-0000000000000000016, fileSize: 42. Sent total: 42 bytes. Size of last segment intended to send: -1 bytes.
2020-07-29 21:27:00,646 INFO org.apache.hadoop.hdfs.server.namenode.TransferFsImage: Combined time for fsimage download and fsync to all disks took 0.00s. The fsimage download took 0.00s at 0.00 KB/s. Synchronous (fsync) write to disk of /usr/local/hadoop_tmp/hdfs/namenode/current/fsimage.ckpt_0000000000000000016 took 0.00s.
2020-07-29 21:27:00,646 INFO org.apache.hadoop.hdfs.server.namenode.TransferFsImage: Downloaded file fsimage.ckpt_0000000000000000016 size 325 bytes.
2020-07-29 21:27:00,654 INFO org.apache.hadoop.hdfs.server.namenode.NNStorageRetentionManager: Going to retain 2 images with txid >= 14
2020-07-29 21:27:00,655 INFO org.apache.hadoop.hdfs.server.namenode.NNStorageRetentionManager: Purging old image FSImageFile(file=/usr/local/hadoop_tmp/hdfs/namenode/current/fsimage_0000000000000000012, cpktTxId=0000000000000000012)
2020-07-29 22:12:16,993 INFO org.apache.hadoop.hdfs.server.namenode.FSEditLog: Number of transactions: 2 Total time for transactions(ms): 26 Number of transactions batched in Syncs: 0 Number of syncs: 2 SyncTimes(ms): 47 
2020-07-29 22:13:17,469 INFO org.apache.hadoop.hdfs.server.namenode.FSEditLog: Number of transactions: 3 Total time for transactions(ms): 27 Number of transactions batched in Syncs: 0 Number of syncs: 3 SyncTimes(ms): 51 
2020-07-29 22:13:17,538 INFO org.apache.hadoop.hdfs.StateChange: BLOCK* allocate blk_1073741825_1001, replicas=127.0.0.1:50010 for /yagnasri/Project_hashtags.txt._COPYING_
2020-07-29 22:13:17,789 INFO org.apache.hadoop.hdfs.server.namenode.FSNamesystem: BLOCK* blk_1073741825_1001 is COMMITTED but not COMPLETE(numNodes= 0 <  minimum = 1) in file /yagnasri/Project_hashtags.txt._COPYING_
2020-07-29 22:13:18,203 INFO org.apache.hadoop.hdfs.StateChange: DIR* completeFile: /yagnasri/Project_hashtags.txt._COPYING_ is closed by DFSClient_NONMAPREDUCE_1191021998_1
2020-07-29 22:14:25,178 INFO org.apache.hadoop.hdfs.server.namenode.FSEditLog: Number of transactions: 9 Total time for transactions(ms): 27 Number of transactions batched in Syncs: 0 Number of syncs: 9 SyncTimes(ms): 61 
2020-07-29 22:14:25,253 INFO org.apache.hadoop.hdfs.StateChange: BLOCK* allocate blk_1073741826_1002, replicas=127.0.0.1:50010 for /yagnasri/Project_urls.txt._COPYING_
2020-07-29 22:14:25,350 INFO org.apache.hadoop.hdfs.StateChange: DIR* completeFile: /yagnasri/Project_urls.txt._COPYING_ is closed by DFSClient_NONMAPREDUCE_2119946046_1
2020-07-29 22:23:59,443 INFO org.apache.hadoop.hdfs.server.namenode.FSEditLog: Number of transactions: 19 Total time for transactions(ms): 27 Number of transactions batched in Syncs: 2 Number of syncs: 13 SyncTimes(ms): 68 
2020-07-29 22:23:59,853 INFO org.apache.hadoop.hdfs.StateChange: BLOCK* allocate blk_1073741827_1003, replicas=127.0.0.1:50010 for /tmp/hadoop-yarn/staging/yagnasri/.staging/job_1596049428713_0001/job.jar
2020-07-29 22:24:00,026 INFO org.apache.hadoop.hdfs.StateChange: DIR* completeFile: /tmp/hadoop-yarn/staging/yagnasri/.staging/job_1596049428713_0001/job.jar is closed by DFSClient_NONMAPREDUCE_1780604936_1
2020-07-29 22:24:00,044 INFO org.apache.hadoop.hdfs.server.namenode.FSDirectory: Increasing replication from 1 to 10 for /tmp/hadoop-yarn/staging/yagnasri/.staging/job_1596049428713_0001/job.jar
2020-07-29 22:24:00,238 INFO org.apache.hadoop.hdfs.server.namenode.FSDirectory: Increasing replication from 1 to 10 for /tmp/hadoop-yarn/staging/yagnasri/.staging/job_1596049428713_0001/job.split
2020-07-29 22:24:00,272 INFO org.apache.hadoop.hdfs.StateChange: BLOCK* allocate blk_1073741828_1004, replicas=127.0.0.1:50010 for /tmp/hadoop-yarn/staging/yagnasri/.staging/job_1596049428713_0001/job.split
2020-07-29 22:24:00,301 INFO org.apache.hadoop.hdfs.StateChange: DIR* completeFile: /tmp/hadoop-yarn/staging/yagnasri/.staging/job_1596049428713_0001/job.split is closed by DFSClient_NONMAPREDUCE_1780604936_1
2020-07-29 22:24:00,321 INFO org.apache.hadoop.hdfs.StateChange: BLOCK* allocate blk_1073741829_1005, replicas=127.0.0.1:50010 for /tmp/hadoop-yarn/staging/yagnasri/.staging/job_1596049428713_0001/job.splitmetainfo
2020-07-29 22:24:00,354 INFO org.apache.hadoop.hdfs.StateChange: DIR* completeFile: /tmp/hadoop-yarn/staging/yagnasri/.staging/job_1596049428713_0001/job.splitmetainfo is closed by DFSClient_NONMAPREDUCE_1780604936_1
2020-07-29 22:24:01,102 INFO org.apache.hadoop.hdfs.StateChange: BLOCK* allocate blk_1073741830_1006, replicas=127.0.0.1:50010 for /tmp/hadoop-yarn/staging/yagnasri/.staging/job_1596049428713_0001/job.xml
2020-07-29 22:24:01,147 INFO org.apache.hadoop.hdfs.StateChange: DIR* completeFile: /tmp/hadoop-yarn/staging/yagnasri/.staging/job_1596049428713_0001/job.xml is closed by DFSClient_NONMAPREDUCE_1780604936_1
2020-07-29 22:24:16,792 INFO org.apache.hadoop.hdfs.StateChange: BLOCK* allocate blk_1073741831_1007, replicas=127.0.0.1:50010 for /tmp/hadoop-yarn/staging/yagnasri/.staging/job_1596049428713_0001/job_1596049428713_0001_1_conf.xml
2020-07-29 22:24:16,873 INFO org.apache.hadoop.hdfs.StateChange: DIR* completeFile: /tmp/hadoop-yarn/staging/yagnasri/.staging/job_1596049428713_0001/job_1596049428713_0001_1_conf.xml is closed by DFSClient_NONMAPREDUCE_-2109510208_1
2020-07-29 22:24:32,795 INFO org.apache.hadoop.hdfs.StateChange: BLOCK* allocate blk_1073741832_1008, replicas=127.0.0.1:50010 for /tmp/hadoop-yarn/staging/yagnasri/.staging/job_1596049428713_0001/job_1596049428713_0001_1.jhist
2020-07-29 22:24:32,819 INFO org.apache.hadoop.hdfs.StateChange: BLOCK* fsync: /tmp/hadoop-yarn/staging/yagnasri/.staging/job_1596049428713_0001/job_1596049428713_0001_1.jhist for DFSClient_NONMAPREDUCE_-2109510208_1
2020-07-29 22:24:41,493 INFO org.apache.hadoop.hdfs.StateChange: BLOCK* allocate blk_1073741833_1009, replicas=127.0.0.1:50010 for /user/yagnasri/Project_hashtags.txt/_temporary/1/_temporary/attempt_1596049428713_0001_r_000000_0/part-r-00000
2020-07-29 22:24:41,721 INFO org.apache.hadoop.hdfs.StateChange: DIR* completeFile: /user/yagnasri/Project_hashtags.txt/_temporary/1/_temporary/attempt_1596049428713_0001_r_000000_0/part-r-00000 is closed by DFSClient_attempt_1596049428713_0001_r_000000_0_-1108851401_1
2020-07-29 22:24:41,965 INFO org.apache.hadoop.hdfs.StateChange: DIR* completeFile: /tmp/hadoop-yarn/staging/yagnasri/.staging/job_1596049428713_0001/COMMIT_STARTED is closed by DFSClient_NONMAPREDUCE_-2109510208_1
2020-07-29 22:24:42,023 INFO org.apache.hadoop.hdfs.StateChange: DIR* completeFile: /user/yagnasri/Project_hashtags.txt/_SUCCESS is closed by DFSClient_NONMAPREDUCE_-2109510208_1
2020-07-29 22:24:42,049 INFO org.apache.hadoop.hdfs.StateChange: DIR* completeFile: /tmp/hadoop-yarn/staging/yagnasri/.staging/job_1596049428713_0001/COMMIT_SUCCESS is closed by DFSClient_NONMAPREDUCE_-2109510208_1
2020-07-29 22:24:42,087 INFO org.apache.hadoop.hdfs.StateChange: DIR* completeFile: /tmp/hadoop-yarn/staging/yagnasri/.staging/job_1596049428713_0001/job_1596049428713_0001_1.jhist is closed by DFSClient_NONMAPREDUCE_-2109510208_1
2020-07-29 22:24:42,108 INFO org.apache.hadoop.hdfs.StateChange: BLOCK* allocate blk_1073741834_1010, replicas=127.0.0.1:50010 for /tmp/hadoop-yarn/staging/history/done_intermediate/yagnasri/job_1596049428713_0001.summary_tmp
2020-07-29 22:24:42,134 INFO org.apache.hadoop.hdfs.StateChange: DIR* completeFile: /tmp/hadoop-yarn/staging/history/done_intermediate/yagnasri/job_1596049428713_0001.summary_tmp is closed by DFSClient_NONMAPREDUCE_-2109510208_1
2020-07-29 22:24:42,178 INFO org.apache.hadoop.hdfs.StateChange: BLOCK* allocate blk_1073741835_1011, replicas=127.0.0.1:50010 for /tmp/hadoop-yarn/staging/history/done_intermediate/yagnasri/job_1596049428713_0001-1596079441576-yagnasri-word+count-1596079482051-2-1-SUCCEEDED-default-1596079456193.jhist_tmp
2020-07-29 22:24:42,205 INFO org.apache.hadoop.hdfs.StateChange: DIR* completeFile: /tmp/hadoop-yarn/staging/history/done_intermediate/yagnasri/job_1596049428713_0001-1596079441576-yagnasri-word+count-1596079482051-2-1-SUCCEEDED-default-1596079456193.jhist_tmp is closed by DFSClient_NONMAPREDUCE_-2109510208_1
2020-07-29 22:24:42,238 INFO org.apache.hadoop.hdfs.StateChange: BLOCK* allocate blk_1073741836_1012, replicas=127.0.0.1:50010 for /tmp/hadoop-yarn/staging/history/done_intermediate/yagnasri/job_1596049428713_0001_conf.xml_tmp
2020-07-29 22:24:42,275 INFO org.apache.hadoop.hdfs.StateChange: DIR* completeFile: /tmp/hadoop-yarn/staging/history/done_intermediate/yagnasri/job_1596049428713_0001_conf.xml_tmp is closed by DFSClient_NONMAPREDUCE_-2109510208_1
2020-07-29 22:27:01,437 INFO org.apache.hadoop.hdfs.server.namenode.FSNamesystem: Roll Edit Log from 127.0.0.1
2020-07-29 22:27:01,438 INFO org.apache.hadoop.hdfs.server.namenode.FSEditLog: Rolling edit logs
2020-07-29 22:27:01,438 INFO org.apache.hadoop.hdfs.server.namenode.FSEditLog: Ending log segment 17, 122
2020-07-29 22:27:01,439 INFO org.apache.hadoop.hdfs.server.namenode.FSEditLog: Number of transactions: 107 Total time for transactions(ms): 34 Number of transactions batched in Syncs: 33 Number of syncs: 74 SyncTimes(ms): 255 
2020-07-29 22:27:01,445 INFO org.apache.hadoop.hdfs.server.namenode.FSEditLog: Number of transactions: 107 Total time for transactions(ms): 34 Number of transactions batched in Syncs: 33 Number of syncs: 75 SyncTimes(ms): 261 
2020-07-29 22:27:01,447 INFO org.apache.hadoop.hdfs.server.namenode.FileJournalManager: Finalizing edits file /usr/local/hadoop_tmp/hdfs/namenode/current/edits_inprogress_0000000000000000017 -> /usr/local/hadoop_tmp/hdfs/namenode/current/edits_0000000000000000017-0000000000000000123
2020-07-29 22:27:01,448 INFO org.apache.hadoop.hdfs.server.namenode.FSEditLog: Starting log segment at 124
2020-07-29 22:27:01,534 INFO org.apache.hadoop.hdfs.server.namenode.TransferFsImage: Sending fileName: /usr/local/hadoop_tmp/hdfs/namenode/current/edits_0000000000000000017-0000000000000000123, fileSize: 13446. Sent total: 13446 bytes. Size of last segment intended to send: -1 bytes.
2020-07-29 22:27:01,737 INFO org.apache.hadoop.hdfs.server.namenode.TransferFsImage: Combined time for fsimage download and fsync to all disks took 0.01s. The fsimage download took 0.01s at 142.86 KB/s. Synchronous (fsync) write to disk of /usr/local/hadoop_tmp/hdfs/namenode/current/fsimage.ckpt_0000000000000000123 took 0.00s.
2020-07-29 22:27:01,737 INFO org.apache.hadoop.hdfs.server.namenode.TransferFsImage: Downloaded file fsimage.ckpt_0000000000000000123 size 1797 bytes.
2020-07-29 22:27:01,743 INFO org.apache.hadoop.hdfs.server.namenode.NNStorageRetentionManager: Going to retain 2 images with txid >= 16
2020-07-29 22:27:01,743 INFO org.apache.hadoop.hdfs.server.namenode.NNStorageRetentionManager: Purging old image FSImageFile(file=/usr/local/hadoop_tmp/hdfs/namenode/current/fsimage_0000000000000000014, cpktTxId=0000000000000000014)
2020-07-29 22:34:47,687 INFO org.apache.hadoop.hdfs.server.namenode.FSEditLog: Number of transactions: 2 Total time for transactions(ms): 0 Number of transactions batched in Syncs: 0 Number of syncs: 2 SyncTimes(ms): 56 
2020-07-29 22:34:47,848 INFO org.apache.hadoop.hdfs.StateChange: BLOCK* allocate blk_1073741837_1013, replicas=127.0.0.1:50010 for /tmp/hadoop-yarn/staging/yagnasri/.staging/job_1596049428713_0002/job.jar
2020-07-29 22:34:47,991 INFO org.apache.hadoop.hdfs.StateChange: DIR* completeFile: /tmp/hadoop-yarn/staging/yagnasri/.staging/job_1596049428713_0002/job.jar is closed by DFSClient_NONMAPREDUCE_-2055821778_1
2020-07-29 22:34:47,997 INFO org.apache.hadoop.hdfs.server.namenode.FSDirectory: Increasing replication from 1 to 10 for /tmp/hadoop-yarn/staging/yagnasri/.staging/job_1596049428713_0002/job.jar
2020-07-29 22:34:48,117 INFO org.apache.hadoop.hdfs.server.namenode.FSDirectory: Increasing replication from 1 to 10 for /tmp/hadoop-yarn/staging/yagnasri/.staging/job_1596049428713_0002/job.split
2020-07-29 22:34:48,145 INFO org.apache.hadoop.hdfs.StateChange: BLOCK* allocate blk_1073741838_1014, replicas=127.0.0.1:50010 for /tmp/hadoop-yarn/staging/yagnasri/.staging/job_1596049428713_0002/job.split
2020-07-29 22:34:48,179 INFO org.apache.hadoop.hdfs.StateChange: DIR* completeFile: /tmp/hadoop-yarn/staging/yagnasri/.staging/job_1596049428713_0002/job.split is closed by DFSClient_NONMAPREDUCE_-2055821778_1
2020-07-29 22:34:48,197 INFO org.apache.hadoop.hdfs.StateChange: BLOCK* allocate blk_1073741839_1015, replicas=127.0.0.1:50010 for /tmp/hadoop-yarn/staging/yagnasri/.staging/job_1596049428713_0002/job.splitmetainfo
2020-07-29 22:34:48,215 INFO org.apache.hadoop.hdfs.StateChange: DIR* completeFile: /tmp/hadoop-yarn/staging/yagnasri/.staging/job_1596049428713_0002/job.splitmetainfo is closed by DFSClient_NONMAPREDUCE_-2055821778_1
2020-07-29 22:34:48,920 INFO org.apache.hadoop.hdfs.StateChange: BLOCK* allocate blk_1073741840_1016, replicas=127.0.0.1:50010 for /tmp/hadoop-yarn/staging/yagnasri/.staging/job_1596049428713_0002/job.xml
2020-07-29 22:34:48,974 INFO org.apache.hadoop.hdfs.StateChange: DIR* completeFile: /tmp/hadoop-yarn/staging/yagnasri/.staging/job_1596049428713_0002/job.xml is closed by DFSClient_NONMAPREDUCE_-2055821778_1
2020-07-29 22:35:00,500 INFO org.apache.hadoop.hdfs.StateChange: BLOCK* allocate blk_1073741841_1017, replicas=127.0.0.1:50010 for /tmp/hadoop-yarn/staging/yagnasri/.staging/job_1596049428713_0002/job_1596049428713_0002_1_conf.xml
2020-07-29 22:35:00,593 INFO org.apache.hadoop.hdfs.StateChange: DIR* completeFile: /tmp/hadoop-yarn/staging/yagnasri/.staging/job_1596049428713_0002/job_1596049428713_0002_1_conf.xml is closed by DFSClient_NONMAPREDUCE_1646856834_1
2020-07-29 22:35:16,245 INFO org.apache.hadoop.hdfs.StateChange: BLOCK* allocate blk_1073741842_1018, replicas=127.0.0.1:50010 for /tmp/hadoop-yarn/staging/yagnasri/.staging/job_1596049428713_0002/job_1596049428713_0002_1.jhist
2020-07-29 22:35:16,285 INFO org.apache.hadoop.hdfs.StateChange: BLOCK* fsync: /tmp/hadoop-yarn/staging/yagnasri/.staging/job_1596049428713_0002/job_1596049428713_0002_1.jhist for DFSClient_NONMAPREDUCE_1646856834_1
2020-07-29 22:35:25,258 INFO org.apache.hadoop.hdfs.StateChange: BLOCK* allocate blk_1073741843_1019, replicas=127.0.0.1:50010 for /user/yagnasri/Project_urls.txt/_temporary/1/_temporary/attempt_1596049428713_0002_r_000000_0/part-r-00000
2020-07-29 22:35:25,526 INFO org.apache.hadoop.hdfs.StateChange: DIR* completeFile: /user/yagnasri/Project_urls.txt/_temporary/1/_temporary/attempt_1596049428713_0002_r_000000_0/part-r-00000 is closed by DFSClient_attempt_1596049428713_0002_r_000000_0_1722550686_1
2020-07-29 22:35:25,732 INFO org.apache.hadoop.hdfs.StateChange: DIR* completeFile: /tmp/hadoop-yarn/staging/yagnasri/.staging/job_1596049428713_0002/COMMIT_STARTED is closed by DFSClient_NONMAPREDUCE_1646856834_1
2020-07-29 22:35:25,781 INFO org.apache.hadoop.hdfs.StateChange: DIR* completeFile: /user/yagnasri/Project_urls.txt/_SUCCESS is closed by DFSClient_NONMAPREDUCE_1646856834_1
2020-07-29 22:35:25,792 INFO org.apache.hadoop.hdfs.StateChange: DIR* completeFile: /tmp/hadoop-yarn/staging/yagnasri/.staging/job_1596049428713_0002/COMMIT_SUCCESS is closed by DFSClient_NONMAPREDUCE_1646856834_1
2020-07-29 22:35:25,862 INFO org.apache.hadoop.hdfs.StateChange: DIR* completeFile: /tmp/hadoop-yarn/staging/yagnasri/.staging/job_1596049428713_0002/job_1596049428713_0002_1.jhist is closed by DFSClient_NONMAPREDUCE_1646856834_1
2020-07-29 22:35:25,899 INFO org.apache.hadoop.hdfs.StateChange: BLOCK* allocate blk_1073741844_1020, replicas=127.0.0.1:50010 for /tmp/hadoop-yarn/staging/history/done_intermediate/yagnasri/job_1596049428713_0002.summary_tmp
2020-07-29 22:35:25,916 INFO org.apache.hadoop.hdfs.StateChange: DIR* completeFile: /tmp/hadoop-yarn/staging/history/done_intermediate/yagnasri/job_1596049428713_0002.summary_tmp is closed by DFSClient_NONMAPREDUCE_1646856834_1
2020-07-29 22:35:25,973 INFO org.apache.hadoop.hdfs.StateChange: BLOCK* allocate blk_1073741845_1021, replicas=127.0.0.1:50010 for /tmp/hadoop-yarn/staging/history/done_intermediate/yagnasri/job_1596049428713_0002-1596080089299-yagnasri-word+count-1596080125796-2-1-SUCCEEDED-default-1596080099868.jhist_tmp
2020-07-29 22:35:25,994 INFO org.apache.hadoop.hdfs.server.namenode.FSNamesystem: BLOCK* blk_1073741845_1021 is COMMITTED but not COMPLETE(numNodes= 0 <  minimum = 1) in file /tmp/hadoop-yarn/staging/history/done_intermediate/yagnasri/job_1596049428713_0002-1596080089299-yagnasri-word+count-1596080125796-2-1-SUCCEEDED-default-1596080099868.jhist_tmp
2020-07-29 22:35:26,397 INFO org.apache.hadoop.hdfs.StateChange: DIR* completeFile: /tmp/hadoop-yarn/staging/history/done_intermediate/yagnasri/job_1596049428713_0002-1596080089299-yagnasri-word+count-1596080125796-2-1-SUCCEEDED-default-1596080099868.jhist_tmp is closed by DFSClient_NONMAPREDUCE_1646856834_1
2020-07-29 22:35:26,454 INFO org.apache.hadoop.hdfs.StateChange: BLOCK* allocate blk_1073741846_1022, replicas=127.0.0.1:50010 for /tmp/hadoop-yarn/staging/history/done_intermediate/yagnasri/job_1596049428713_0002_conf.xml_tmp
2020-07-29 22:35:26,482 INFO org.apache.hadoop.hdfs.StateChange: DIR* completeFile: /tmp/hadoop-yarn/staging/history/done_intermediate/yagnasri/job_1596049428713_0002_conf.xml_tmp is closed by DFSClient_NONMAPREDUCE_1646856834_1
2020-07-29 22:37:36,017 INFO org.apache.hadoop.hdfs.server.namenode.FSEditLog: Number of transactions: 82 Total time for transactions(ms): 3 Number of transactions batched in Syncs: 24 Number of syncs: 58 SyncTimes(ms): 182 
2020-07-29 22:37:36,169 INFO org.apache.hadoop.hdfs.StateChange: BLOCK* allocate blk_1073741847_1023, replicas=127.0.0.1:50010 for /tmp/hadoop-yarn/staging/yagnasri/.staging/job_1596049428713_0003/job.jar
2020-07-29 22:37:36,300 INFO org.apache.hadoop.hdfs.StateChange: DIR* completeFile: /tmp/hadoop-yarn/staging/yagnasri/.staging/job_1596049428713_0003/job.jar is closed by DFSClient_NONMAPREDUCE_883129570_1
2020-07-29 22:37:36,306 INFO org.apache.hadoop.hdfs.server.namenode.FSDirectory: Increasing replication from 1 to 10 for /tmp/hadoop-yarn/staging/yagnasri/.staging/job_1596049428713_0003/job.jar
2020-07-29 22:37:36,440 INFO org.apache.hadoop.hdfs.server.namenode.FSDirectory: Increasing replication from 1 to 10 for /tmp/hadoop-yarn/staging/yagnasri/.staging/job_1596049428713_0003/job.split
2020-07-29 22:37:36,465 INFO org.apache.hadoop.hdfs.StateChange: BLOCK* allocate blk_1073741848_1024, replicas=127.0.0.1:50010 for /tmp/hadoop-yarn/staging/yagnasri/.staging/job_1596049428713_0003/job.split
2020-07-29 22:37:36,483 INFO org.apache.hadoop.hdfs.StateChange: DIR* completeFile: /tmp/hadoop-yarn/staging/yagnasri/.staging/job_1596049428713_0003/job.split is closed by DFSClient_NONMAPREDUCE_883129570_1
2020-07-29 22:37:36,528 INFO org.apache.hadoop.hdfs.StateChange: BLOCK* allocate blk_1073741849_1025, replicas=127.0.0.1:50010 for /tmp/hadoop-yarn/staging/yagnasri/.staging/job_1596049428713_0003/job.splitmetainfo
2020-07-29 22:37:36,561 INFO org.apache.hadoop.hdfs.StateChange: DIR* completeFile: /tmp/hadoop-yarn/staging/yagnasri/.staging/job_1596049428713_0003/job.splitmetainfo is closed by DFSClient_NONMAPREDUCE_883129570_1
2020-07-29 22:37:37,309 INFO org.apache.hadoop.hdfs.StateChange: BLOCK* allocate blk_1073741850_1026, replicas=127.0.0.1:50010 for /tmp/hadoop-yarn/staging/yagnasri/.staging/job_1596049428713_0003/job.xml
2020-07-29 22:37:37,364 INFO org.apache.hadoop.hdfs.StateChange: DIR* completeFile: /tmp/hadoop-yarn/staging/yagnasri/.staging/job_1596049428713_0003/job.xml is closed by DFSClient_NONMAPREDUCE_883129570_1
2020-07-29 22:37:47,754 INFO org.apache.hadoop.hdfs.StateChange: BLOCK* allocate blk_1073741851_1027, replicas=127.0.0.1:50010 for /tmp/hadoop-yarn/staging/yagnasri/.staging/job_1596049428713_0003/job_1596049428713_0003_1_conf.xml
2020-07-29 22:37:47,841 INFO org.apache.hadoop.hdfs.StateChange: DIR* completeFile: /tmp/hadoop-yarn/staging/yagnasri/.staging/job_1596049428713_0003/job_1596049428713_0003_1_conf.xml is closed by DFSClient_NONMAPREDUCE_-232323486_1
2020-07-29 22:37:56,053 INFO org.apache.hadoop.hdfs.StateChange: BLOCK* allocate blk_1073741852_1028, replicas=127.0.0.1:50010 for /tmp/hadoop-yarn/staging/yagnasri/.staging/job_1596049428713_0003/job_1596049428713_0003_1.jhist
2020-07-29 22:37:56,089 INFO org.apache.hadoop.hdfs.StateChange: BLOCK* fsync: /tmp/hadoop-yarn/staging/yagnasri/.staging/job_1596049428713_0003/job_1596049428713_0003_1.jhist for DFSClient_NONMAPREDUCE_-232323486_1
2020-07-29 22:38:04,751 INFO org.apache.hadoop.hdfs.StateChange: BLOCK* allocate blk_1073741853_1029, replicas=127.0.0.1:50010 for /user/yagnasri/Project_urls/_temporary/1/_temporary/attempt_1596049428713_0003_r_000000_0/part-r-00000
2020-07-29 22:38:04,963 INFO org.apache.hadoop.hdfs.StateChange: DIR* completeFile: /user/yagnasri/Project_urls/_temporary/1/_temporary/attempt_1596049428713_0003_r_000000_0/part-r-00000 is closed by DFSClient_attempt_1596049428713_0003_r_000000_0_-1967810834_1
2020-07-29 22:38:05,176 INFO org.apache.hadoop.hdfs.StateChange: DIR* completeFile: /tmp/hadoop-yarn/staging/yagnasri/.staging/job_1596049428713_0003/COMMIT_STARTED is closed by DFSClient_NONMAPREDUCE_-232323486_1
2020-07-29 22:38:05,231 INFO org.apache.hadoop.hdfs.StateChange: DIR* completeFile: /user/yagnasri/Project_urls/_SUCCESS is closed by DFSClient_NONMAPREDUCE_-232323486_1
2020-07-29 22:38:05,241 INFO org.apache.hadoop.hdfs.StateChange: DIR* completeFile: /tmp/hadoop-yarn/staging/yagnasri/.staging/job_1596049428713_0003/COMMIT_SUCCESS is closed by DFSClient_NONMAPREDUCE_-232323486_1
2020-07-29 22:38:05,311 INFO org.apache.hadoop.hdfs.StateChange: DIR* completeFile: /tmp/hadoop-yarn/staging/yagnasri/.staging/job_1596049428713_0003/job_1596049428713_0003_1.jhist is closed by DFSClient_NONMAPREDUCE_-232323486_1
2020-07-29 22:38:05,324 INFO org.apache.hadoop.hdfs.StateChange: BLOCK* allocate blk_1073741854_1030, replicas=127.0.0.1:50010 for /tmp/hadoop-yarn/staging/history/done_intermediate/yagnasri/job_1596049428713_0003.summary_tmp
2020-07-29 22:38:05,343 INFO org.apache.hadoop.hdfs.StateChange: DIR* completeFile: /tmp/hadoop-yarn/staging/history/done_intermediate/yagnasri/job_1596049428713_0003.summary_tmp is closed by DFSClient_NONMAPREDUCE_-232323486_1
2020-07-29 22:38:05,447 INFO org.apache.hadoop.hdfs.StateChange: BLOCK* allocate blk_1073741855_1031, replicas=127.0.0.1:50010 for /tmp/hadoop-yarn/staging/history/done_intermediate/yagnasri/job_1596049428713_0003-1596080257708-yagnasri-word+count-1596080285246-1-1-SUCCEEDED-default-1596080267189.jhist_tmp
2020-07-29 22:38:05,464 INFO org.apache.hadoop.hdfs.StateChange: DIR* completeFile: /tmp/hadoop-yarn/staging/history/done_intermediate/yagnasri/job_1596049428713_0003-1596080257708-yagnasri-word+count-1596080285246-1-1-SUCCEEDED-default-1596080267189.jhist_tmp is closed by DFSClient_NONMAPREDUCE_-232323486_1
2020-07-29 22:38:05,504 INFO org.apache.hadoop.hdfs.StateChange: BLOCK* allocate blk_1073741856_1032, replicas=127.0.0.1:50010 for /tmp/hadoop-yarn/staging/history/done_intermediate/yagnasri/job_1596049428713_0003_conf.xml_tmp
2020-07-29 22:38:05,526 INFO org.apache.hadoop.hdfs.StateChange: DIR* completeFile: /tmp/hadoop-yarn/staging/history/done_intermediate/yagnasri/job_1596049428713_0003_conf.xml_tmp is closed by DFSClient_NONMAPREDUCE_-232323486_1
2020-07-29 23:27:02,210 INFO org.apache.hadoop.hdfs.server.namenode.FSNamesystem: Roll Edit Log from 127.0.0.1
2020-07-29 23:27:02,210 INFO org.apache.hadoop.hdfs.server.namenode.FSEditLog: Rolling edit logs
2020-07-29 23:27:02,210 INFO org.apache.hadoop.hdfs.server.namenode.FSEditLog: Ending log segment 124, 284
2020-07-29 23:27:02,210 INFO org.apache.hadoop.hdfs.server.namenode.FSEditLog: Number of transactions: 162 Total time for transactions(ms): 16 Number of transactions batched in Syncs: 48 Number of syncs: 114 SyncTimes(ms): 305 
2020-07-29 23:27:02,530 INFO org.apache.hadoop.hdfs.server.namenode.FSEditLog: Number of transactions: 162 Total time for transactions(ms): 16 Number of transactions batched in Syncs: 48 Number of syncs: 115 SyncTimes(ms): 626 
2020-07-29 23:27:02,536 INFO org.apache.hadoop.hdfs.server.namenode.FileJournalManager: Finalizing edits file /usr/local/hadoop_tmp/hdfs/namenode/current/edits_inprogress_0000000000000000124 -> /usr/local/hadoop_tmp/hdfs/namenode/current/edits_0000000000000000124-0000000000000000285
2020-07-29 23:27:02,536 INFO org.apache.hadoop.hdfs.server.namenode.FSEditLog: Starting log segment at 286
2020-07-29 23:27:02,704 INFO org.apache.hadoop.hdfs.server.namenode.TransferFsImage: Sending fileName: /usr/local/hadoop_tmp/hdfs/namenode/current/edits_0000000000000000124-0000000000000000285, fileSize: 21923. Sent total: 21923 bytes. Size of last segment intended to send: -1 bytes.
2020-07-29 23:27:02,820 INFO org.apache.hadoop.hdfs.server.namenode.TransferFsImage: Combined time for fsimage download and fsync to all disks took 0.00s. The fsimage download took 0.00s at 2000.00 KB/s. Synchronous (fsync) write to disk of /usr/local/hadoop_tmp/hdfs/namenode/current/fsimage.ckpt_0000000000000000285 took 0.00s.
2020-07-29 23:27:02,820 INFO org.apache.hadoop.hdfs.server.namenode.TransferFsImage: Downloaded file fsimage.ckpt_0000000000000000285 size 2910 bytes.
2020-07-29 23:27:02,827 INFO org.apache.hadoop.hdfs.server.namenode.NNStorageRetentionManager: Going to retain 2 images with txid >= 123
2020-07-29 23:27:02,827 INFO org.apache.hadoop.hdfs.server.namenode.NNStorageRetentionManager: Purging old image FSImageFile(file=/usr/local/hadoop_tmp/hdfs/namenode/current/fsimage_0000000000000000016, cpktTxId=0000000000000000016)
