2020-07-29 14:03:01,547 INFO org.apache.hadoop.hdfs.server.namenode.SecondaryNameNode: STARTUP_MSG: 
/************************************************************
STARTUP_MSG: Starting SecondaryNameNode
STARTUP_MSG:   host = yagnasri-VirtualBox/127.0.1.1
STARTUP_MSG:   args = []
STARTUP_MSG:   version = 2.9.0
STARTUP_MSG:   classpath = /usr/local/hadoop/etc/hadoop:/usr/local/hadoop/share/hadoop/common/lib/commons-beanutils-core-1.8.0.jar:/usr/local/hadoop/share/hadoop/common/lib/api-util-1.0.0-M20.jar:/usr/local/hadoop/share/hadoop/common/lib/commons-lang3-3.4.jar:/usr/local/hadoop/share/hadoop/common/lib/commons-digester-1.8.jar:/usr/local/hadoop/share/hadoop/common/lib/commons-compress-1.4.1.jar:/usr/local/hadoop/share/hadoop/common/lib/nimbus-jose-jwt-3.9.jar:/usr/local/hadoop/share/hadoop/common/lib/apacheds-kerberos-codec-2.0.0-M15.jar:/usr/local/hadoop/share/hadoop/common/lib/java-xmlbuilder-0.4.jar:/usr/local/hadoop/share/hadoop/common/lib/jersey-json-1.9.jar:/usr/local/hadoop/share/hadoop/common/lib/jackson-mapper-asl-1.9.13.jar:/usr/local/hadoop/share/hadoop/common/lib/jettison-1.1.jar:/usr/local/hadoop/share/hadoop/common/lib/stax2-api-3.1.4.jar:/usr/local/hadoop/share/hadoop/common/lib/httpcore-4.4.4.jar:/usr/local/hadoop/share/hadoop/common/lib/snappy-java-1.0.5.jar:/usr/local/hadoop/share/hadoop/common/lib/jetty-util-6.1.26.jar:/usr/local/hadoop/share/hadoop/common/lib/commons-cli-1.2.jar:/usr/local/hadoop/share/hadoop/common/lib/protobuf-java-2.5.0.jar:/usr/local/hadoop/share/hadoop/common/lib/junit-4.11.jar:/usr/local/hadoop/share/hadoop/common/lib/commons-beanutils-1.7.0.jar:/usr/local/hadoop/share/hadoop/common/lib/commons-io-2.4.jar:/usr/local/hadoop/share/hadoop/common/lib/paranamer-2.3.jar:/usr/local/hadoop/share/hadoop/common/lib/log4j-1.2.17.jar:/usr/local/hadoop/share/hadoop/common/lib/jersey-core-1.9.jar:/usr/local/hadoop/share/hadoop/common/lib/httpclient-4.5.2.jar:/usr/local/hadoop/share/hadoop/common/lib/commons-lang-2.6.jar:/usr/local/hadoop/share/hadoop/common/lib/slf4j-log4j12-1.7.25.jar:/usr/local/hadoop/share/hadoop/common/lib/xz-1.0.jar:/usr/local/hadoop/share/hadoop/common/lib/jsch-0.1.54.jar:/usr/local/hadoop/share/hadoop/common/lib/woodstox-core-5.0.3.jar:/usr/local/hadoop/share/hadoop/common/lib/hadoop-annotations-2.9.0.jar:/usr/local/hadoop/share/hadoop/common/lib/jetty-6.1.26.jar:/usr/local/hadoop/share/hadoop/common/lib/curator-framework-2.7.1.jar:/usr/local/hadoop/share/hadoop/common/lib/xmlenc-0.52.jar:/usr/local/hadoop/share/hadoop/common/lib/jackson-jaxrs-1.9.13.jar:/usr/local/hadoop/share/hadoop/common/lib/jetty-sslengine-6.1.26.jar:/usr/local/hadoop/share/hadoop/common/lib/jackson-xc-1.9.13.jar:/usr/local/hadoop/share/hadoop/common/lib/jets3t-0.9.0.jar:/usr/local/hadoop/share/hadoop/common/lib/json-smart-1.1.1.jar:/usr/local/hadoop/share/hadoop/common/lib/jaxb-impl-2.2.3-1.jar:/usr/local/hadoop/share/hadoop/common/lib/zookeeper-3.4.6.jar:/usr/local/hadoop/share/hadoop/common/lib/commons-collections-3.2.2.jar:/usr/local/hadoop/share/hadoop/common/lib/guava-11.0.2.jar:/usr/local/hadoop/share/hadoop/common/lib/htrace-core4-4.1.0-incubating.jar:/usr/local/hadoop/share/hadoop/common/lib/commons-logging-1.1.3.jar:/usr/local/hadoop/share/hadoop/common/lib/commons-codec-1.4.jar:/usr/local/hadoop/share/hadoop/common/lib/avro-1.7.7.jar:/usr/local/hadoop/share/hadoop/common/lib/mockito-all-1.8.5.jar:/usr/local/hadoop/share/hadoop/common/lib/stax-api-1.0-2.jar:/usr/local/hadoop/share/hadoop/common/lib/curator-client-2.7.1.jar:/usr/local/hadoop/share/hadoop/common/lib/jackson-core-asl-1.9.13.jar:/usr/local/hadoop/share/hadoop/common/lib/hadoop-auth-2.9.0.jar:/usr/local/hadoop/share/hadoop/common/lib/asm-3.2.jar:/usr/local/hadoop/share/hadoop/common/lib/slf4j-api-1.7.25.jar:/usr/local/hadoop/share/hadoop/common/lib/commons-math3-3.1.1.jar:/usr/local/hadoop/share/hadoop/common/lib/jsr305-3.0.0.jar:/usr/local/hadoop/share/hadoop/common/lib/jaxb-api-2.2.2.jar:/usr/local/hadoop/share/hadoop/common/lib/hamcrest-core-1.3.jar:/usr/local/hadoop/share/hadoop/common/lib/netty-3.6.2.Final.jar:/usr/local/hadoop/share/hadoop/common/lib/activation-1.1.jar:/usr/local/hadoop/share/hadoop/common/lib/jersey-server-1.9.jar:/usr/local/hadoop/share/hadoop/common/lib/jsp-api-2.1.jar:/usr/local/hadoop/share/hadoop/common/lib/curator-recipes-2.7.1.jar:/usr/local/hadoop/share/hadoop/common/lib/jcip-annotations-1.0.jar:/usr/local/hadoop/share/hadoop/common/lib/api-asn1-api-1.0.0-M20.jar:/usr/local/hadoop/share/hadoop/common/lib/commons-net-3.1.jar:/usr/local/hadoop/share/hadoop/common/lib/apacheds-i18n-2.0.0-M15.jar:/usr/local/hadoop/share/hadoop/common/lib/gson-2.2.4.jar:/usr/local/hadoop/share/hadoop/common/lib/servlet-api-2.5.jar:/usr/local/hadoop/share/hadoop/common/lib/commons-configuration-1.6.jar:/usr/local/hadoop/share/hadoop/common/hadoop-nfs-2.9.0.jar:/usr/local/hadoop/share/hadoop/common/hadoop-common-2.9.0.jar:/usr/local/hadoop/share/hadoop/common/hadoop-common-2.9.0-tests.jar:/usr/local/hadoop/share/hadoop/hdfs:/usr/local/hadoop/share/hadoop/hdfs/lib/xercesImpl-2.9.1.jar:/usr/local/hadoop/share/hadoop/hdfs/lib/hadoop-hdfs-client-2.9.0.jar:/usr/local/hadoop/share/hadoop/hdfs/lib/jackson-mapper-asl-1.9.13.jar:/usr/local/hadoop/share/hadoop/hdfs/lib/jetty-util-6.1.26.jar:/usr/local/hadoop/share/hadoop/hdfs/lib/commons-cli-1.2.jar:/usr/local/hadoop/share/hadoop/hdfs/lib/leveldbjni-all-1.8.jar:/usr/local/hadoop/share/hadoop/hdfs/lib/protobuf-java-2.5.0.jar:/usr/local/hadoop/share/hadoop/hdfs/lib/commons-io-2.4.jar:/usr/local/hadoop/share/hadoop/hdfs/lib/log4j-1.2.17.jar:/usr/local/hadoop/share/hadoop/hdfs/lib/jersey-core-1.9.jar:/usr/local/hadoop/share/hadoop/hdfs/lib/commons-lang-2.6.jar:/usr/local/hadoop/share/hadoop/hdfs/lib/xml-apis-1.3.04.jar:/usr/local/hadoop/share/hadoop/hdfs/lib/jackson-databind-2.7.8.jar:/usr/local/hadoop/share/hadoop/hdfs/lib/jetty-6.1.26.jar:/usr/local/hadoop/share/hadoop/hdfs/lib/xmlenc-0.52.jar:/usr/local/hadoop/share/hadoop/hdfs/lib/okio-1.4.0.jar:/usr/local/hadoop/share/hadoop/hdfs/lib/jackson-annotations-2.7.8.jar:/usr/local/hadoop/share/hadoop/hdfs/lib/jackson-core-2.7.8.jar:/usr/local/hadoop/share/hadoop/hdfs/lib/guava-11.0.2.jar:/usr/local/hadoop/share/hadoop/hdfs/lib/htrace-core4-4.1.0-incubating.jar:/usr/local/hadoop/share/hadoop/hdfs/lib/commons-logging-1.1.3.jar:/usr/local/hadoop/share/hadoop/hdfs/lib/commons-codec-1.4.jar:/usr/local/hadoop/share/hadoop/hdfs/lib/jackson-core-asl-1.9.13.jar:/usr/local/hadoop/share/hadoop/hdfs/lib/asm-3.2.jar:/usr/local/hadoop/share/hadoop/hdfs/lib/commons-daemon-1.0.13.jar:/usr/local/hadoop/share/hadoop/hdfs/lib/netty-all-4.0.23.Final.jar:/usr/local/hadoop/share/hadoop/hdfs/lib/jsr305-3.0.0.jar:/usr/local/hadoop/share/hadoop/hdfs/lib/netty-3.6.2.Final.jar:/usr/local/hadoop/share/hadoop/hdfs/lib/jersey-server-1.9.jar:/usr/local/hadoop/share/hadoop/hdfs/lib/okhttp-2.4.0.jar:/usr/local/hadoop/share/hadoop/hdfs/lib/servlet-api-2.5.jar:/usr/local/hadoop/share/hadoop/hdfs/hadoop-hdfs-client-2.9.0.jar:/usr/local/hadoop/share/hadoop/hdfs/hadoop-hdfs-native-client-2.9.0.jar:/usr/local/hadoop/share/hadoop/hdfs/hadoop-hdfs-2.9.0.jar:/usr/local/hadoop/share/hadoop/hdfs/hadoop-hdfs-native-client-2.9.0-tests.jar:/usr/local/hadoop/share/hadoop/hdfs/hadoop-hdfs-nfs-2.9.0.jar:/usr/local/hadoop/share/hadoop/hdfs/hadoop-hdfs-2.9.0-tests.jar:/usr/local/hadoop/share/hadoop/hdfs/hadoop-hdfs-client-2.9.0-tests.jar:/usr/local/hadoop/share/hadoop/yarn:/usr/local/hadoop/share/hadoop/yarn/lib/commons-beanutils-core-1.8.0.jar:/usr/local/hadoop/share/hadoop/yarn/lib/java-util-1.9.0.jar:/usr/local/hadoop/share/hadoop/yarn/lib/api-util-1.0.0-M20.jar:/usr/local/hadoop/share/hadoop/yarn/lib/commons-lang3-3.4.jar:/usr/local/hadoop/share/hadoop/yarn/lib/commons-digester-1.8.jar:/usr/local/hadoop/share/hadoop/yarn/lib/commons-compress-1.4.1.jar:/usr/local/hadoop/share/hadoop/yarn/lib/nimbus-jose-jwt-3.9.jar:/usr/local/hadoop/share/hadoop/yarn/lib/apacheds-kerberos-codec-2.0.0-M15.jar:/usr/local/hadoop/share/hadoop/yarn/lib/ehcache-3.3.1.jar:/usr/local/hadoop/share/hadoop/yarn/lib/java-xmlbuilder-0.4.jar:/usr/local/hadoop/share/hadoop/yarn/lib/jersey-json-1.9.jar:/usr/local/hadoop/share/hadoop/yarn/lib/geronimo-jcache_1.0_spec-1.0-alpha-1.jar:/usr/local/hadoop/share/hadoop/yarn/lib/metrics-core-3.0.1.jar:/usr/local/hadoop/share/hadoop/yarn/lib/jackson-mapper-asl-1.9.13.jar:/usr/local/hadoop/share/hadoop/yarn/lib/guice-servlet-3.0.jar:/usr/local/hadoop/share/hadoop/yarn/lib/jettison-1.1.jar:/usr/local/hadoop/share/hadoop/yarn/lib/jersey-client-1.9.jar:/usr/local/hadoop/share/hadoop/yarn/lib/stax2-api-3.1.4.jar:/usr/local/hadoop/share/hadoop/yarn/lib/httpcore-4.4.4.jar:/usr/local/hadoop/share/hadoop/yarn/lib/aopalliance-1.0.jar:/usr/local/hadoop/share/hadoop/yarn/lib/jersey-guice-1.9.jar:/usr/local/hadoop/share/hadoop/yarn/lib/guice-3.0.jar:/usr/local/hadoop/share/hadoop/yarn/lib/snappy-java-1.0.5.jar:/usr/local/hadoop/share/hadoop/yarn/lib/jetty-util-6.1.26.jar:/usr/local/hadoop/share/hadoop/yarn/lib/json-io-2.5.1.jar:/usr/local/hadoop/share/hadoop/yarn/lib/commons-cli-1.2.jar:/usr/local/hadoop/share/hadoop/yarn/lib/leveldbjni-all-1.8.jar:/usr/local/hadoop/share/hadoop/yarn/lib/protobuf-java-2.5.0.jar:/usr/local/hadoop/share/hadoop/yarn/lib/fst-2.50.jar:/usr/local/hadoop/share/hadoop/yarn/lib/commons-beanutils-1.7.0.jar:/usr/local/hadoop/share/hadoop/yarn/lib/commons-io-2.4.jar:/usr/local/hadoop/share/hadoop/yarn/lib/zookeeper-3.4.6-tests.jar:/usr/local/hadoop/share/hadoop/yarn/lib/paranamer-2.3.jar:/usr/local/hadoop/share/hadoop/yarn/lib/log4j-1.2.17.jar:/usr/local/hadoop/share/hadoop/yarn/lib/jersey-core-1.9.jar:/usr/local/hadoop/share/hadoop/yarn/lib/httpclient-4.5.2.jar:/usr/local/hadoop/share/hadoop/yarn/lib/commons-lang-2.6.jar:/usr/local/hadoop/share/hadoop/yarn/lib/xz-1.0.jar:/usr/local/hadoop/share/hadoop/yarn/lib/jsch-0.1.54.jar:/usr/local/hadoop/share/hadoop/yarn/lib/woodstox-core-5.0.3.jar:/usr/local/hadoop/share/hadoop/yarn/lib/jetty-6.1.26.jar:/usr/local/hadoop/share/hadoop/yarn/lib/curator-framework-2.7.1.jar:/usr/local/hadoop/share/hadoop/yarn/lib/xmlenc-0.52.jar:/usr/local/hadoop/share/hadoop/yarn/lib/jackson-jaxrs-1.9.13.jar:/usr/local/hadoop/share/hadoop/yarn/lib/jetty-sslengine-6.1.26.jar:/usr/local/hadoop/share/hadoop/yarn/lib/jackson-xc-1.9.13.jar:/usr/local/hadoop/share/hadoop/yarn/lib/HikariCP-java7-2.4.12.jar:/usr/local/hadoop/share/hadoop/yarn/lib/jets3t-0.9.0.jar:/usr/local/hadoop/share/hadoop/yarn/lib/json-smart-1.1.1.jar:/usr/local/hadoop/share/hadoop/yarn/lib/jaxb-impl-2.2.3-1.jar:/usr/local/hadoop/share/hadoop/yarn/lib/zookeeper-3.4.6.jar:/usr/local/hadoop/share/hadoop/yarn/lib/commons-collections-3.2.2.jar:/usr/local/hadoop/share/hadoop/yarn/lib/guava-11.0.2.jar:/usr/local/hadoop/share/hadoop/yarn/lib/htrace-core4-4.1.0-incubating.jar:/usr/local/hadoop/share/hadoop/yarn/lib/commons-logging-1.1.3.jar:/usr/local/hadoop/share/hadoop/yarn/lib/commons-codec-1.4.jar:/usr/local/hadoop/share/hadoop/yarn/lib/avro-1.7.7.jar:/usr/local/hadoop/share/hadoop/yarn/lib/stax-api-1.0-2.jar:/usr/local/hadoop/share/hadoop/yarn/lib/curator-client-2.7.1.jar:/usr/local/hadoop/share/hadoop/yarn/lib/jackson-core-asl-1.9.13.jar:/usr/local/hadoop/share/hadoop/yarn/lib/javassist-3.18.1-GA.jar:/usr/local/hadoop/share/hadoop/yarn/lib/asm-3.2.jar:/usr/local/hadoop/share/hadoop/yarn/lib/javax.inject-1.jar:/usr/local/hadoop/share/hadoop/yarn/lib/commons-math3-3.1.1.jar:/usr/local/hadoop/share/hadoop/yarn/lib/jsr305-3.0.0.jar:/usr/local/hadoop/share/hadoop/yarn/lib/jaxb-api-2.2.2.jar:/usr/local/hadoop/share/hadoop/yarn/lib/mssql-jdbc-6.2.1.jre7.jar:/usr/local/hadoop/share/hadoop/yarn/lib/netty-3.6.2.Final.jar:/usr/local/hadoop/share/hadoop/yarn/lib/activation-1.1.jar:/usr/local/hadoop/share/hadoop/yarn/lib/jersey-server-1.9.jar:/usr/local/hadoop/share/hadoop/yarn/lib/jsp-api-2.1.jar:/usr/local/hadoop/share/hadoop/yarn/lib/curator-recipes-2.7.1.jar:/usr/local/hadoop/share/hadoop/yarn/lib/jcip-annotations-1.0.jar:/usr/local/hadoop/share/hadoop/yarn/lib/api-asn1-api-1.0.0-M20.jar:/usr/local/hadoop/share/hadoop/yarn/lib/commons-net-3.1.jar:/usr/local/hadoop/share/hadoop/yarn/lib/commons-math-2.2.jar:/usr/local/hadoop/share/hadoop/yarn/lib/apacheds-i18n-2.0.0-M15.jar:/usr/local/hadoop/share/hadoop/yarn/lib/gson-2.2.4.jar:/usr/local/hadoop/share/hadoop/yarn/lib/servlet-api-2.5.jar:/usr/local/hadoop/share/hadoop/yarn/lib/commons-configuration-1.6.jar:/usr/local/hadoop/share/hadoop/yarn/lib/curator-test-2.7.1.jar:/usr/local/hadoop/share/hadoop/yarn/hadoop-yarn-server-applicationhistoryservice-2.9.0.jar:/usr/local/hadoop/share/hadoop/yarn/hadoop-yarn-client-2.9.0.jar:/usr/local/hadoop/share/hadoop/yarn/hadoop-yarn-server-sharedcachemanager-2.9.0.jar:/usr/local/hadoop/share/hadoop/yarn/hadoop-yarn-api-2.9.0.jar:/usr/local/hadoop/share/hadoop/yarn/hadoop-yarn-server-resourcemanager-2.9.0.jar:/usr/local/hadoop/share/hadoop/yarn/hadoop-yarn-server-web-proxy-2.9.0.jar:/usr/local/hadoop/share/hadoop/yarn/hadoop-yarn-server-nodemanager-2.9.0.jar:/usr/local/hadoop/share/hadoop/yarn/hadoop-yarn-applications-unmanaged-am-launcher-2.9.0.jar:/usr/local/hadoop/share/hadoop/yarn/hadoop-yarn-applications-distributedshell-2.9.0.jar:/usr/local/hadoop/share/hadoop/yarn/hadoop-yarn-server-router-2.9.0.jar:/usr/local/hadoop/share/hadoop/yarn/hadoop-yarn-server-tests-2.9.0.jar:/usr/local/hadoop/share/hadoop/yarn/hadoop-yarn-server-timeline-pluginstorage-2.9.0.jar:/usr/local/hadoop/share/hadoop/yarn/hadoop-yarn-registry-2.9.0.jar:/usr/local/hadoop/share/hadoop/yarn/hadoop-yarn-server-common-2.9.0.jar:/usr/local/hadoop/share/hadoop/yarn/hadoop-yarn-common-2.9.0.jar:/usr/local/hadoop/share/hadoop/mapreduce/lib/commons-compress-1.4.1.jar:/usr/local/hadoop/share/hadoop/mapreduce/lib/jackson-mapper-asl-1.9.13.jar:/usr/local/hadoop/share/hadoop/mapreduce/lib/guice-servlet-3.0.jar:/usr/local/hadoop/share/hadoop/mapreduce/lib/aopalliance-1.0.jar:/usr/local/hadoop/share/hadoop/mapreduce/lib/jersey-guice-1.9.jar:/usr/local/hadoop/share/hadoop/mapreduce/lib/guice-3.0.jar:/usr/local/hadoop/share/hadoop/mapreduce/lib/snappy-java-1.0.5.jar:/usr/local/hadoop/share/hadoop/mapreduce/lib/leveldbjni-all-1.8.jar:/usr/local/hadoop/share/hadoop/mapreduce/lib/protobuf-java-2.5.0.jar:/usr/local/hadoop/share/hadoop/mapreduce/lib/junit-4.11.jar:/usr/local/hadoop/share/hadoop/mapreduce/lib/commons-io-2.4.jar:/usr/local/hadoop/share/hadoop/mapreduce/lib/paranamer-2.3.jar:/usr/local/hadoop/share/hadoop/mapreduce/lib/log4j-1.2.17.jar:/usr/local/hadoop/share/hadoop/mapreduce/lib/jersey-core-1.9.jar:/usr/local/hadoop/share/hadoop/mapreduce/lib/xz-1.0.jar:/usr/local/hadoop/share/hadoop/mapreduce/lib/hadoop-annotations-2.9.0.jar:/usr/local/hadoop/share/hadoop/mapreduce/lib/avro-1.7.7.jar:/usr/local/hadoop/share/hadoop/mapreduce/lib/jackson-core-asl-1.9.13.jar:/usr/local/hadoop/share/hadoop/mapreduce/lib/asm-3.2.jar:/usr/local/hadoop/share/hadoop/mapreduce/lib/javax.inject-1.jar:/usr/local/hadoop/share/hadoop/mapreduce/lib/hamcrest-core-1.3.jar:/usr/local/hadoop/share/hadoop/mapreduce/lib/netty-3.6.2.Final.jar:/usr/local/hadoop/share/hadoop/mapreduce/lib/jersey-server-1.9.jar:/usr/local/hadoop/share/hadoop/mapreduce/hadoop-mapreduce-client-app-2.9.0.jar:/usr/local/hadoop/share/hadoop/mapreduce/hadoop-mapreduce-client-core-2.9.0.jar:/usr/local/hadoop/share/hadoop/mapreduce/hadoop-mapreduce-client-hs-plugins-2.9.0.jar:/usr/local/hadoop/share/hadoop/mapreduce/hadoop-mapreduce-client-shuffle-2.9.0.jar:/usr/local/hadoop/share/hadoop/mapreduce/hadoop-mapreduce-client-jobclient-2.9.0-tests.jar:/usr/local/hadoop/share/hadoop/mapreduce/hadoop-mapreduce-examples-2.9.0.jar:/usr/local/hadoop/share/hadoop/mapreduce/hadoop-mapreduce-client-jobclient-2.9.0.jar:/usr/local/hadoop/share/hadoop/mapreduce/hadoop-mapreduce-client-common-2.9.0.jar:/usr/local/hadoop/share/hadoop/mapreduce/hadoop-mapreduce-client-hs-2.9.0.jar:/contrib/capacity-scheduler/*.jar:/contrib/capacity-scheduler/*.jar:/contrib/capacity-scheduler/*.jar
STARTUP_MSG:   build = https://git-wip-us.apache.org/repos/asf/hadoop.git -r 756ebc8394e473ac25feac05fa493f6d612e6c50; compiled by 'arsuresh' on 2017-11-13T23:15Z
STARTUP_MSG:   java = 11.0.8
************************************************************/
2020-07-29 14:03:01,568 INFO org.apache.hadoop.hdfs.server.namenode.SecondaryNameNode: registered UNIX signal handlers for [TERM, HUP, INT]
2020-07-29 14:03:02,677 INFO org.apache.hadoop.metrics2.impl.MetricsConfig: loaded properties from hadoop-metrics2.properties
2020-07-29 14:03:03,050 INFO org.apache.hadoop.metrics2.impl.MetricsSystemImpl: Scheduled Metric snapshot period at 10 second(s).
2020-07-29 14:03:03,050 INFO org.apache.hadoop.metrics2.impl.MetricsSystemImpl: SecondaryNameNode metrics system started
2020-07-29 14:03:03,461 INFO org.apache.hadoop.hdfs.server.namenode.FSEditLog: Edit logging is async:true
2020-07-29 14:03:03,506 INFO org.apache.hadoop.hdfs.server.common.Storage: Lock on /tmp/hadoop-yagnasri/dfs/namesecondary/in_use.lock acquired by nodename 10809@yagnasri-VirtualBox
2020-07-29 14:03:03,521 INFO org.apache.hadoop.hdfs.server.namenode.FSNamesystem: KeyProvider: null
2020-07-29 14:03:03,522 INFO org.apache.hadoop.hdfs.server.namenode.FSNamesystem: fsLock is fair: true
2020-07-29 14:03:03,523 INFO org.apache.hadoop.hdfs.server.namenode.FSNamesystem: Detailed lock hold time metrics enabled: false
2020-07-29 14:03:03,529 INFO org.apache.hadoop.hdfs.server.namenode.FSNamesystem: fsOwner             = yagnasri (auth:SIMPLE)
2020-07-29 14:03:03,529 INFO org.apache.hadoop.hdfs.server.namenode.FSNamesystem: supergroup          = supergroup
2020-07-29 14:03:03,529 INFO org.apache.hadoop.hdfs.server.namenode.FSNamesystem: isPermissionEnabled = true
2020-07-29 14:03:03,529 INFO org.apache.hadoop.hdfs.server.namenode.FSNamesystem: HA Enabled: false
2020-07-29 14:03:03,576 INFO org.apache.hadoop.hdfs.server.common.Util: dfs.datanode.fileio.profiling.sampling.percentage set to 0. Disabling file IO profiling
2020-07-29 14:03:03,613 INFO org.apache.hadoop.hdfs.server.blockmanagement.DatanodeManager: dfs.block.invalidate.limit: configured=1000, counted=60, effected=1000
2020-07-29 14:03:03,613 INFO org.apache.hadoop.hdfs.server.blockmanagement.DatanodeManager: dfs.namenode.datanode.registration.ip-hostname-check=true
2020-07-29 14:03:03,625 INFO org.apache.hadoop.hdfs.server.blockmanagement.BlockManager: dfs.namenode.startup.delay.block.deletion.sec is set to 000:00:00:00.000
2020-07-29 14:03:03,626 INFO org.apache.hadoop.hdfs.server.blockmanagement.BlockManager: The block deletion will start around 2020 Jul 29 14:03:03
2020-07-29 14:03:03,627 INFO org.apache.hadoop.util.GSet: Computing capacity for map BlocksMap
2020-07-29 14:03:03,627 INFO org.apache.hadoop.util.GSet: VM type       = 64-bit
2020-07-29 14:03:03,629 INFO org.apache.hadoop.util.GSet: 2.0% max memory 966.7 MB = 19.3 MB
2020-07-29 14:03:03,629 INFO org.apache.hadoop.util.GSet: capacity      = 2^21 = 2097152 entries
2020-07-29 14:03:03,710 INFO org.apache.hadoop.hdfs.server.blockmanagement.BlockManager: dfs.block.access.token.enable=false
2020-07-29 14:03:03,713 WARN org.apache.hadoop.conf.Configuration: No unit for dfs.namenode.safemode.extension(30000) assuming MILLISECONDS
2020-07-29 14:03:03,719 INFO org.apache.hadoop.hdfs.server.blockmanagement.BlockManagerSafeMode: dfs.namenode.safemode.threshold-pct = 0.9990000128746033
2020-07-29 14:03:03,719 INFO org.apache.hadoop.hdfs.server.blockmanagement.BlockManagerSafeMode: dfs.namenode.safemode.min.datanodes = 0
2020-07-29 14:03:03,719 INFO org.apache.hadoop.hdfs.server.blockmanagement.BlockManagerSafeMode: dfs.namenode.safemode.extension = 30000
2020-07-29 14:03:03,719 INFO org.apache.hadoop.hdfs.server.blockmanagement.BlockManager: defaultReplication         = 1
2020-07-29 14:03:03,721 INFO org.apache.hadoop.hdfs.server.blockmanagement.BlockManager: maxReplication             = 512
2020-07-29 14:03:03,721 INFO org.apache.hadoop.hdfs.server.blockmanagement.BlockManager: minReplication             = 1
2020-07-29 14:03:03,721 INFO org.apache.hadoop.hdfs.server.blockmanagement.BlockManager: maxReplicationStreams      = 2
2020-07-29 14:03:03,721 INFO org.apache.hadoop.hdfs.server.blockmanagement.BlockManager: replicationRecheckInterval = 3000
2020-07-29 14:03:03,721 INFO org.apache.hadoop.hdfs.server.blockmanagement.BlockManager: encryptDataTransfer        = false
2020-07-29 14:03:03,721 INFO org.apache.hadoop.hdfs.server.blockmanagement.BlockManager: maxNumBlocksToLog          = 1000
2020-07-29 14:03:03,725 INFO org.apache.hadoop.hdfs.server.namenode.FSNamesystem: Append Enabled: true
2020-07-29 14:03:03,858 INFO org.apache.hadoop.util.GSet: Computing capacity for map INodeMap
2020-07-29 14:03:03,858 INFO org.apache.hadoop.util.GSet: VM type       = 64-bit
2020-07-29 14:03:03,859 INFO org.apache.hadoop.util.GSet: 1.0% max memory 966.7 MB = 9.7 MB
2020-07-29 14:03:03,859 INFO org.apache.hadoop.util.GSet: capacity      = 2^20 = 1048576 entries
2020-07-29 14:03:03,860 INFO org.apache.hadoop.hdfs.server.namenode.FSDirectory: ACLs enabled? false
2020-07-29 14:03:03,860 INFO org.apache.hadoop.hdfs.server.namenode.FSDirectory: XAttrs enabled? true
2020-07-29 14:03:03,860 INFO org.apache.hadoop.hdfs.server.namenode.NameNode: Caching file names occurring more than 10 times
2020-07-29 14:03:03,862 INFO org.apache.hadoop.hdfs.server.namenode.snapshot.SnapshotManager: Loaded config captureOpenFiles: falseskipCaptureAccessTimeOnlyChange: false
2020-07-29 14:03:03,866 INFO org.apache.hadoop.util.GSet: Computing capacity for map cachedBlocks
2020-07-29 14:03:03,866 INFO org.apache.hadoop.util.GSet: VM type       = 64-bit
2020-07-29 14:03:03,866 INFO org.apache.hadoop.util.GSet: 0.25% max memory 966.7 MB = 2.4 MB
2020-07-29 14:03:03,866 INFO org.apache.hadoop.util.GSet: capacity      = 2^18 = 262144 entries
2020-07-29 14:03:03,885 INFO org.apache.hadoop.hdfs.server.namenode.top.metrics.TopMetrics: NNTop conf: dfs.namenode.top.window.num.buckets = 10
2020-07-29 14:03:03,885 INFO org.apache.hadoop.hdfs.server.namenode.top.metrics.TopMetrics: NNTop conf: dfs.namenode.top.num.users = 10
2020-07-29 14:03:03,885 INFO org.apache.hadoop.hdfs.server.namenode.top.metrics.TopMetrics: NNTop conf: dfs.namenode.top.windows.minutes = 1,5,25
2020-07-29 14:03:03,919 INFO org.apache.hadoop.hdfs.server.namenode.SecondaryNameNode: Checkpoint Period   :3600 secs (60 min)
2020-07-29 14:03:03,919 INFO org.apache.hadoop.hdfs.server.namenode.SecondaryNameNode: Log Size Trigger    :1000000 txns
2020-07-29 14:03:03,935 INFO org.apache.hadoop.hdfs.DFSUtil: Starting Web-server for secondary at: http://0.0.0.0:50090
2020-07-29 14:03:04,080 INFO org.mortbay.log: Logging to org.slf4j.impl.Log4jLoggerAdapter(org.mortbay.log) via org.mortbay.log.Slf4jLog
2020-07-29 14:03:04,097 INFO org.apache.hadoop.security.authentication.server.AuthenticationFilter: Unable to initialize FileSignerSecretProvider, falling back to use random secrets.
2020-07-29 14:03:04,115 INFO org.apache.hadoop.http.HttpRequestLog: Http request log for http.requests.secondary is not defined
2020-07-29 14:03:04,134 INFO org.apache.hadoop.http.HttpServer2: Added global filter 'safety' (class=org.apache.hadoop.http.HttpServer2$QuotingInputFilter)
2020-07-29 14:03:04,146 INFO org.apache.hadoop.http.HttpServer2: Added filter static_user_filter (class=org.apache.hadoop.http.lib.StaticUserWebFilter$StaticUserFilter) to context secondary
2020-07-29 14:03:04,146 INFO org.apache.hadoop.http.HttpServer2: Added filter static_user_filter (class=org.apache.hadoop.http.lib.StaticUserWebFilter$StaticUserFilter) to context logs
2020-07-29 14:03:04,146 INFO org.apache.hadoop.http.HttpServer2: Added filter static_user_filter (class=org.apache.hadoop.http.lib.StaticUserWebFilter$StaticUserFilter) to context static
2020-07-29 14:03:04,325 INFO org.apache.hadoop.http.HttpServer2: Jetty bound to port 50090
2020-07-29 14:03:04,325 INFO org.mortbay.log: jetty-6.1.26
2020-07-29 14:03:05,260 INFO org.mortbay.log: Started HttpServer2$SelectChannelConnectorWithSafeStartup@0.0.0.0:50090
2020-07-29 14:03:05,260 INFO org.apache.hadoop.hdfs.server.namenode.SecondaryNameNode: Web server init done
2020-07-29 14:14:06,046 INFO org.apache.hadoop.hdfs.server.namenode.SecondaryNameNode: Image has changed. Downloading updated image from NN.
2020-07-29 14:14:06,694 INFO org.apache.hadoop.hdfs.server.namenode.TransferFsImage: Opening connection to http://localhost:50070/imagetransfer?getimage=1&txid=0&storageInfo=-63:415985864:1596049283577:CID-18e8aa22-4e63-4af1-a030-ca1a0f0d2f3c&bootstrapstandby=false
2020-07-29 14:14:06,767 INFO org.apache.hadoop.hdfs.server.namenode.TransferFsImage: Image Transfer timeout configured to 60000 milliseconds
2020-07-29 14:14:07,709 INFO org.apache.hadoop.hdfs.server.namenode.TransferFsImage: Combined time for fsimage download and fsync to all disks took 0.02s. The fsimage download took 0.02s at 0.00 KB/s. Synchronous (fsync) write to disk of /tmp/hadoop-yagnasri/dfs/namesecondary/current/fsimage.ckpt_0000000000000000000 took 0.00s.
2020-07-29 14:14:07,710 INFO org.apache.hadoop.hdfs.server.namenode.TransferFsImage: Downloaded file fsimage.ckpt_0000000000000000000 size 325 bytes.
2020-07-29 14:14:07,732 INFO org.apache.hadoop.hdfs.server.namenode.TransferFsImage: Opening connection to http://localhost:50070/imagetransfer?getedit=1&startTxId=1&endTxId=2&storageInfo=-63:415985864:1596049283577:CID-18e8aa22-4e63-4af1-a030-ca1a0f0d2f3c
2020-07-29 14:14:07,750 INFO org.apache.hadoop.hdfs.server.namenode.TransferFsImage: Combined time for fsimage download and fsync to all disks took 0.00s. The fsimage download took 0.00s at 0.00 KB/s. Synchronous (fsync) write to disk of /tmp/hadoop-yagnasri/dfs/namesecondary/current/edits_tmp_0000000000000000001-0000000000000000002_0000000000003613695 took 0.00s.
2020-07-29 14:14:07,750 INFO org.apache.hadoop.hdfs.server.namenode.TransferFsImage: Downloaded file edits_tmp_0000000000000000001-0000000000000000002_0000000000003613695 size 0 bytes.
2020-07-29 14:14:07,972 INFO org.apache.hadoop.hdfs.server.namenode.FSImageFormatPBINode: Loading 1 INodes.
2020-07-29 14:14:08,092 INFO org.apache.hadoop.hdfs.server.namenode.FSImageFormatProtobuf: Loaded FSImage in 0 seconds.
2020-07-29 14:14:08,106 INFO org.apache.hadoop.hdfs.server.namenode.FSImage: Loaded image for txid 0 from /tmp/hadoop-yagnasri/dfs/namesecondary/current/fsimage_0000000000000000000
2020-07-29 14:14:08,106 INFO org.apache.hadoop.hdfs.server.namenode.NameCache: initialized with 0 entries 0 lookups
2020-07-29 14:14:08,118 INFO org.apache.hadoop.hdfs.server.namenode.Checkpointer: Checkpointer about to load edits from 1 stream(s).
2020-07-29 14:14:08,143 INFO org.apache.hadoop.hdfs.server.namenode.FSImage: Reading /tmp/hadoop-yagnasri/dfs/namesecondary/current/edits_0000000000000000001-0000000000000000002 expecting start txid #1
2020-07-29 14:14:08,143 INFO org.apache.hadoop.hdfs.server.namenode.FSImage: Start loading edits file /tmp/hadoop-yagnasri/dfs/namesecondary/current/edits_0000000000000000001-0000000000000000002
2020-07-29 14:14:08,215 INFO org.apache.hadoop.hdfs.server.namenode.FSImage: Edits file /tmp/hadoop-yagnasri/dfs/namesecondary/current/edits_0000000000000000001-0000000000000000002 of size 42 edits # 2 loaded in 0 seconds
2020-07-29 14:14:08,230 INFO org.apache.hadoop.hdfs.server.namenode.FSImageFormatProtobuf: Saving image file /tmp/hadoop-yagnasri/dfs/namesecondary/current/fsimage.ckpt_0000000000000000002 using no compression
2020-07-29 14:14:08,310 INFO org.apache.hadoop.hdfs.server.namenode.FSImageFormatProtobuf: Image file /tmp/hadoop-yagnasri/dfs/namesecondary/current/fsimage.ckpt_0000000000000000002 of size 325 bytes saved in 0 seconds.
2020-07-29 14:14:08,335 INFO org.apache.hadoop.hdfs.server.namenode.FSImageTransactionalStorageInspector: No version file in /tmp/hadoop-yagnasri/dfs/namesecondary
2020-07-29 14:14:08,344 INFO org.apache.hadoop.hdfs.server.namenode.FSImageTransactionalStorageInspector: No version file in /tmp/hadoop-yagnasri/dfs/namesecondary
2020-07-29 14:14:08,382 INFO org.apache.hadoop.hdfs.server.namenode.TransferFsImage: Sending fileName: /tmp/hadoop-yagnasri/dfs/namesecondary/current/fsimage_0000000000000000002, fileSize: 325. Sent total: 325 bytes. Size of last segment intended to send: -1 bytes.
2020-07-29 14:14:08,455 INFO org.apache.hadoop.hdfs.server.namenode.TransferFsImage: Uploaded image with txid 2 to namenode at http://localhost:50070 in 0.086 seconds
2020-07-29 14:14:08,456 WARN org.apache.hadoop.hdfs.server.namenode.SecondaryNameNode: Checkpoint done. New Image Size: 325
2020-07-29 15:19:13,862 INFO org.apache.hadoop.hdfs.server.namenode.SecondaryNameNode: Image has not changed. Will not download image.
2020-07-29 15:19:13,871 INFO org.apache.hadoop.hdfs.server.namenode.TransferFsImage: Opening connection to http://localhost:50070/imagetransfer?getedit=1&startTxId=3&endTxId=4&storageInfo=-63:415985864:1596049283577:CID-18e8aa22-4e63-4af1-a030-ca1a0f0d2f3c
2020-07-29 15:19:13,897 INFO org.apache.hadoop.hdfs.server.namenode.TransferFsImage: Combined time for fsimage download and fsync to all disks took 0.00s. The fsimage download took 0.00s at 0.00 KB/s. Synchronous (fsync) write to disk of /tmp/hadoop-yagnasri/dfs/namesecondary/current/edits_tmp_0000000000000000003-0000000000000000004_0000000000007215690 took 0.00s.
2020-07-29 15:19:13,897 INFO org.apache.hadoop.hdfs.server.namenode.TransferFsImage: Downloaded file edits_tmp_0000000000000000003-0000000000000000004_0000000000007215690 size 0 bytes.
2020-07-29 15:19:13,898 INFO org.apache.hadoop.hdfs.server.namenode.Checkpointer: Checkpointer about to load edits from 1 stream(s).
2020-07-29 15:19:13,898 INFO org.apache.hadoop.hdfs.server.namenode.FSImage: Reading /tmp/hadoop-yagnasri/dfs/namesecondary/current/edits_0000000000000000003-0000000000000000004 expecting start txid #3
2020-07-29 15:19:13,898 INFO org.apache.hadoop.hdfs.server.namenode.FSImage: Start loading edits file /tmp/hadoop-yagnasri/dfs/namesecondary/current/edits_0000000000000000003-0000000000000000004
2020-07-29 15:19:13,899 INFO org.apache.hadoop.hdfs.server.namenode.FSImage: Edits file /tmp/hadoop-yagnasri/dfs/namesecondary/current/edits_0000000000000000003-0000000000000000004 of size 42 edits # 2 loaded in 0 seconds
2020-07-29 15:19:13,903 INFO org.apache.hadoop.hdfs.server.namenode.FSImageFormatProtobuf: Saving image file /tmp/hadoop-yagnasri/dfs/namesecondary/current/fsimage.ckpt_0000000000000000004 using no compression
2020-07-29 15:19:13,921 INFO org.apache.hadoop.hdfs.server.namenode.FSImageFormatProtobuf: Image file /tmp/hadoop-yagnasri/dfs/namesecondary/current/fsimage.ckpt_0000000000000000004 of size 325 bytes saved in 0 seconds.
2020-07-29 15:19:13,934 INFO org.apache.hadoop.hdfs.server.namenode.NNStorageRetentionManager: Going to retain 2 images with txid >= 2
2020-07-29 15:19:13,934 INFO org.apache.hadoop.hdfs.server.namenode.NNStorageRetentionManager: Purging old image FSImageFile(file=/tmp/hadoop-yagnasri/dfs/namesecondary/current/fsimage_0000000000000000000, cpktTxId=0000000000000000000)
2020-07-29 15:19:13,948 INFO org.apache.hadoop.hdfs.server.namenode.TransferFsImage: Sending fileName: /tmp/hadoop-yagnasri/dfs/namesecondary/current/fsimage_0000000000000000004, fileSize: 325. Sent total: 325 bytes. Size of last segment intended to send: -1 bytes.
2020-07-29 15:19:13,983 INFO org.apache.hadoop.hdfs.server.namenode.TransferFsImage: Uploaded image with txid 4 to namenode at http://localhost:50070 in 0.036 seconds
2020-07-29 15:19:13,984 WARN org.apache.hadoop.hdfs.server.namenode.SecondaryNameNode: Checkpoint done. New Image Size: 325
2020-07-29 16:19:14,921 INFO org.apache.hadoop.hdfs.server.namenode.SecondaryNameNode: Image has not changed. Will not download image.
2020-07-29 16:19:14,929 INFO org.apache.hadoop.hdfs.server.namenode.TransferFsImage: Opening connection to http://localhost:50070/imagetransfer?getedit=1&startTxId=5&endTxId=6&storageInfo=-63:415985864:1596049283577:CID-18e8aa22-4e63-4af1-a030-ca1a0f0d2f3c
2020-07-29 16:19:14,942 INFO org.apache.hadoop.hdfs.server.namenode.TransferFsImage: Combined time for fsimage download and fsync to all disks took 0.00s. The fsimage download took 0.00s at 0.00 KB/s. Synchronous (fsync) write to disk of /tmp/hadoop-yagnasri/dfs/namesecondary/current/edits_tmp_0000000000000000005-0000000000000000006_0000000000010816748 took 0.00s.
2020-07-29 16:19:14,942 INFO org.apache.hadoop.hdfs.server.namenode.TransferFsImage: Downloaded file edits_tmp_0000000000000000005-0000000000000000006_0000000000010816748 size 0 bytes.
2020-07-29 16:19:14,943 INFO org.apache.hadoop.hdfs.server.namenode.Checkpointer: Checkpointer about to load edits from 1 stream(s).
2020-07-29 16:19:14,943 INFO org.apache.hadoop.hdfs.server.namenode.FSImage: Reading /tmp/hadoop-yagnasri/dfs/namesecondary/current/edits_0000000000000000005-0000000000000000006 expecting start txid #5
2020-07-29 16:19:14,943 INFO org.apache.hadoop.hdfs.server.namenode.FSImage: Start loading edits file /tmp/hadoop-yagnasri/dfs/namesecondary/current/edits_0000000000000000005-0000000000000000006
2020-07-29 16:19:14,944 INFO org.apache.hadoop.hdfs.server.namenode.FSImage: Edits file /tmp/hadoop-yagnasri/dfs/namesecondary/current/edits_0000000000000000005-0000000000000000006 of size 42 edits # 2 loaded in 0 seconds
2020-07-29 16:19:14,947 INFO org.apache.hadoop.hdfs.server.namenode.FSImageFormatProtobuf: Saving image file /tmp/hadoop-yagnasri/dfs/namesecondary/current/fsimage.ckpt_0000000000000000006 using no compression
2020-07-29 16:19:14,950 INFO org.apache.hadoop.hdfs.server.namenode.FSImageFormatProtobuf: Image file /tmp/hadoop-yagnasri/dfs/namesecondary/current/fsimage.ckpt_0000000000000000006 of size 325 bytes saved in 0 seconds.
2020-07-29 16:19:15,068 INFO org.apache.hadoop.hdfs.server.namenode.NNStorageRetentionManager: Going to retain 2 images with txid >= 4
2020-07-29 16:19:15,069 INFO org.apache.hadoop.hdfs.server.namenode.NNStorageRetentionManager: Purging old image FSImageFile(file=/tmp/hadoop-yagnasri/dfs/namesecondary/current/fsimage_0000000000000000002, cpktTxId=0000000000000000002)
2020-07-29 16:19:15,084 INFO org.apache.hadoop.hdfs.server.namenode.TransferFsImage: Sending fileName: /tmp/hadoop-yagnasri/dfs/namesecondary/current/fsimage_0000000000000000006, fileSize: 325. Sent total: 325 bytes. Size of last segment intended to send: -1 bytes.
2020-07-29 16:19:15,099 INFO org.apache.hadoop.hdfs.server.namenode.TransferFsImage: Uploaded image with txid 6 to namenode at http://localhost:50070 in 0.02 seconds
2020-07-29 16:19:15,099 WARN org.apache.hadoop.hdfs.server.namenode.SecondaryNameNode: Checkpoint done. New Image Size: 325
2020-07-29 17:19:15,870 INFO org.apache.hadoop.hdfs.server.namenode.SecondaryNameNode: Image has not changed. Will not download image.
2020-07-29 17:19:15,870 INFO org.apache.hadoop.hdfs.server.namenode.TransferFsImage: Opening connection to http://localhost:50070/imagetransfer?getedit=1&startTxId=7&endTxId=8&storageInfo=-63:415985864:1596049283577:CID-18e8aa22-4e63-4af1-a030-ca1a0f0d2f3c
2020-07-29 17:19:15,883 INFO org.apache.hadoop.hdfs.server.namenode.TransferFsImage: Combined time for fsimage download and fsync to all disks took 0.00s. The fsimage download took 0.00s at 0.00 KB/s. Synchronous (fsync) write to disk of /tmp/hadoop-yagnasri/dfs/namesecondary/current/edits_tmp_0000000000000000007-0000000000000000008_0000000000014417697 took 0.00s.
2020-07-29 17:19:15,883 INFO org.apache.hadoop.hdfs.server.namenode.TransferFsImage: Downloaded file edits_tmp_0000000000000000007-0000000000000000008_0000000000014417697 size 0 bytes.
2020-07-29 17:19:15,884 INFO org.apache.hadoop.hdfs.server.namenode.Checkpointer: Checkpointer about to load edits from 1 stream(s).
2020-07-29 17:19:15,885 INFO org.apache.hadoop.hdfs.server.namenode.FSImage: Reading /tmp/hadoop-yagnasri/dfs/namesecondary/current/edits_0000000000000000007-0000000000000000008 expecting start txid #7
2020-07-29 17:19:15,885 INFO org.apache.hadoop.hdfs.server.namenode.FSImage: Start loading edits file /tmp/hadoop-yagnasri/dfs/namesecondary/current/edits_0000000000000000007-0000000000000000008
2020-07-29 17:19:15,885 INFO org.apache.hadoop.hdfs.server.namenode.FSImage: Edits file /tmp/hadoop-yagnasri/dfs/namesecondary/current/edits_0000000000000000007-0000000000000000008 of size 42 edits # 2 loaded in 0 seconds
2020-07-29 17:19:15,891 INFO org.apache.hadoop.hdfs.server.namenode.FSImageFormatProtobuf: Saving image file /tmp/hadoop-yagnasri/dfs/namesecondary/current/fsimage.ckpt_0000000000000000008 using no compression
2020-07-29 17:19:15,899 INFO org.apache.hadoop.hdfs.server.namenode.FSImageFormatProtobuf: Image file /tmp/hadoop-yagnasri/dfs/namesecondary/current/fsimage.ckpt_0000000000000000008 of size 325 bytes saved in 0 seconds.
2020-07-29 17:19:15,908 INFO org.apache.hadoop.hdfs.server.namenode.NNStorageRetentionManager: Going to retain 2 images with txid >= 6
2020-07-29 17:19:15,908 INFO org.apache.hadoop.hdfs.server.namenode.NNStorageRetentionManager: Purging old image FSImageFile(file=/tmp/hadoop-yagnasri/dfs/namesecondary/current/fsimage_0000000000000000004, cpktTxId=0000000000000000004)
2020-07-29 17:19:15,918 INFO org.apache.hadoop.hdfs.server.namenode.TransferFsImage: Sending fileName: /tmp/hadoop-yagnasri/dfs/namesecondary/current/fsimage_0000000000000000008, fileSize: 325. Sent total: 325 bytes. Size of last segment intended to send: -1 bytes.
2020-07-29 17:19:15,952 INFO org.apache.hadoop.hdfs.server.namenode.TransferFsImage: Uploaded image with txid 8 to namenode at http://localhost:50070 in 0.035 seconds
2020-07-29 17:19:15,953 WARN org.apache.hadoop.hdfs.server.namenode.SecondaryNameNode: Checkpoint done. New Image Size: 325
2020-07-29 18:19:16,771 INFO org.apache.hadoop.hdfs.server.namenode.SecondaryNameNode: Image has not changed. Will not download image.
2020-07-29 18:19:16,772 INFO org.apache.hadoop.hdfs.server.namenode.TransferFsImage: Opening connection to http://localhost:50070/imagetransfer?getedit=1&startTxId=9&endTxId=10&storageInfo=-63:415985864:1596049283577:CID-18e8aa22-4e63-4af1-a030-ca1a0f0d2f3c
2020-07-29 18:19:16,784 INFO org.apache.hadoop.hdfs.server.namenode.TransferFsImage: Combined time for fsimage download and fsync to all disks took 0.00s. The fsimage download took 0.00s at 0.00 KB/s. Synchronous (fsync) write to disk of /tmp/hadoop-yagnasri/dfs/namesecondary/current/edits_tmp_0000000000000000009-0000000000000000010_0000000000018018598 took 0.00s.
2020-07-29 18:19:16,784 INFO org.apache.hadoop.hdfs.server.namenode.TransferFsImage: Downloaded file edits_tmp_0000000000000000009-0000000000000000010_0000000000018018598 size 0 bytes.
2020-07-29 18:19:16,785 INFO org.apache.hadoop.hdfs.server.namenode.Checkpointer: Checkpointer about to load edits from 1 stream(s).
2020-07-29 18:19:16,785 INFO org.apache.hadoop.hdfs.server.namenode.FSImage: Reading /tmp/hadoop-yagnasri/dfs/namesecondary/current/edits_0000000000000000009-0000000000000000010 expecting start txid #9
2020-07-29 18:19:16,785 INFO org.apache.hadoop.hdfs.server.namenode.FSImage: Start loading edits file /tmp/hadoop-yagnasri/dfs/namesecondary/current/edits_0000000000000000009-0000000000000000010
2020-07-29 18:19:16,786 INFO org.apache.hadoop.hdfs.server.namenode.FSImage: Edits file /tmp/hadoop-yagnasri/dfs/namesecondary/current/edits_0000000000000000009-0000000000000000010 of size 42 edits # 2 loaded in 0 seconds
2020-07-29 18:19:16,802 INFO org.apache.hadoop.hdfs.server.namenode.FSImageFormatProtobuf: Saving image file /tmp/hadoop-yagnasri/dfs/namesecondary/current/fsimage.ckpt_0000000000000000010 using no compression
2020-07-29 18:19:16,812 INFO org.apache.hadoop.hdfs.server.namenode.FSImageFormatProtobuf: Image file /tmp/hadoop-yagnasri/dfs/namesecondary/current/fsimage.ckpt_0000000000000000010 of size 325 bytes saved in 0 seconds.
2020-07-29 18:19:17,027 INFO org.apache.hadoop.hdfs.server.namenode.NNStorageRetentionManager: Going to retain 2 images with txid >= 8
2020-07-29 18:19:17,038 INFO org.apache.hadoop.hdfs.server.namenode.NNStorageRetentionManager: Purging old image FSImageFile(file=/tmp/hadoop-yagnasri/dfs/namesecondary/current/fsimage_0000000000000000006, cpktTxId=0000000000000000006)
2020-07-29 18:19:17,060 INFO org.apache.hadoop.hdfs.server.namenode.TransferFsImage: Sending fileName: /tmp/hadoop-yagnasri/dfs/namesecondary/current/fsimage_0000000000000000010, fileSize: 325. Sent total: 325 bytes. Size of last segment intended to send: -1 bytes.
2020-07-29 18:19:17,082 INFO org.apache.hadoop.hdfs.server.namenode.TransferFsImage: Uploaded image with txid 10 to namenode at http://localhost:50070 in 0.024 seconds
2020-07-29 18:19:17,082 WARN org.apache.hadoop.hdfs.server.namenode.SecondaryNameNode: Checkpoint done. New Image Size: 325
2020-07-29 19:19:19,026 INFO org.apache.hadoop.hdfs.server.namenode.SecondaryNameNode: Image has not changed. Will not download image.
2020-07-29 19:19:19,026 INFO org.apache.hadoop.hdfs.server.namenode.TransferFsImage: Opening connection to http://localhost:50070/imagetransfer?getedit=1&startTxId=11&endTxId=12&storageInfo=-63:415985864:1596049283577:CID-18e8aa22-4e63-4af1-a030-ca1a0f0d2f3c
2020-07-29 19:19:19,038 INFO org.apache.hadoop.hdfs.server.namenode.TransferFsImage: Combined time for fsimage download and fsync to all disks took 0.00s. The fsimage download took 0.00s at 0.00 KB/s. Synchronous (fsync) write to disk of /tmp/hadoop-yagnasri/dfs/namesecondary/current/edits_tmp_0000000000000000011-0000000000000000012_0000000000021620852 took 0.00s.
2020-07-29 19:19:19,038 INFO org.apache.hadoop.hdfs.server.namenode.TransferFsImage: Downloaded file edits_tmp_0000000000000000011-0000000000000000012_0000000000021620852 size 0 bytes.
2020-07-29 19:19:19,038 INFO org.apache.hadoop.hdfs.server.namenode.Checkpointer: Checkpointer about to load edits from 1 stream(s).
2020-07-29 19:19:19,038 INFO org.apache.hadoop.hdfs.server.namenode.FSImage: Reading /tmp/hadoop-yagnasri/dfs/namesecondary/current/edits_0000000000000000011-0000000000000000012 expecting start txid #11
2020-07-29 19:19:19,039 INFO org.apache.hadoop.hdfs.server.namenode.FSImage: Start loading edits file /tmp/hadoop-yagnasri/dfs/namesecondary/current/edits_0000000000000000011-0000000000000000012
2020-07-29 19:19:19,039 INFO org.apache.hadoop.hdfs.server.namenode.FSImage: Edits file /tmp/hadoop-yagnasri/dfs/namesecondary/current/edits_0000000000000000011-0000000000000000012 of size 42 edits # 2 loaded in 0 seconds
2020-07-29 19:19:19,041 INFO org.apache.hadoop.hdfs.server.namenode.FSImageFormatProtobuf: Saving image file /tmp/hadoop-yagnasri/dfs/namesecondary/current/fsimage.ckpt_0000000000000000012 using no compression
2020-07-29 19:19:19,043 INFO org.apache.hadoop.hdfs.server.namenode.FSImageFormatProtobuf: Image file /tmp/hadoop-yagnasri/dfs/namesecondary/current/fsimage.ckpt_0000000000000000012 of size 325 bytes saved in 0 seconds.
2020-07-29 19:19:19,051 INFO org.apache.hadoop.hdfs.server.namenode.NNStorageRetentionManager: Going to retain 2 images with txid >= 10
2020-07-29 19:19:19,051 INFO org.apache.hadoop.hdfs.server.namenode.NNStorageRetentionManager: Purging old image FSImageFile(file=/tmp/hadoop-yagnasri/dfs/namesecondary/current/fsimage_0000000000000000008, cpktTxId=0000000000000000008)
2020-07-29 19:19:19,060 INFO org.apache.hadoop.hdfs.server.namenode.TransferFsImage: Sending fileName: /tmp/hadoop-yagnasri/dfs/namesecondary/current/fsimage_0000000000000000012, fileSize: 325. Sent total: 325 bytes. Size of last segment intended to send: -1 bytes.
2020-07-29 19:19:19,076 INFO org.apache.hadoop.hdfs.server.namenode.TransferFsImage: Uploaded image with txid 12 to namenode at http://localhost:50070 in 0.017 seconds
2020-07-29 19:19:19,076 WARN org.apache.hadoop.hdfs.server.namenode.SecondaryNameNode: Checkpoint done. New Image Size: 325
2020-07-29 20:27:00,055 INFO org.apache.hadoop.hdfs.server.namenode.SecondaryNameNode: Image has not changed. Will not download image.
2020-07-29 20:27:00,055 INFO org.apache.hadoop.hdfs.server.namenode.TransferFsImage: Opening connection to http://localhost:50070/imagetransfer?getedit=1&startTxId=13&endTxId=14&storageInfo=-63:415985864:1596049283577:CID-18e8aa22-4e63-4af1-a030-ca1a0f0d2f3c
2020-07-29 20:27:00,064 INFO org.apache.hadoop.hdfs.server.namenode.TransferFsImage: Combined time for fsimage download and fsync to all disks took 0.00s. The fsimage download took 0.00s at 0.00 KB/s. Synchronous (fsync) write to disk of /tmp/hadoop-yagnasri/dfs/namesecondary/current/edits_tmp_0000000000000000013-0000000000000000014_0000000000025221456 took 0.00s.
2020-07-29 20:27:00,064 INFO org.apache.hadoop.hdfs.server.namenode.TransferFsImage: Downloaded file edits_tmp_0000000000000000013-0000000000000000014_0000000000025221456 size 0 bytes.
2020-07-29 20:27:00,064 INFO org.apache.hadoop.hdfs.server.namenode.Checkpointer: Checkpointer about to load edits from 1 stream(s).
2020-07-29 20:27:00,064 INFO org.apache.hadoop.hdfs.server.namenode.FSImage: Reading /tmp/hadoop-yagnasri/dfs/namesecondary/current/edits_0000000000000000013-0000000000000000014 expecting start txid #13
2020-07-29 20:27:00,064 INFO org.apache.hadoop.hdfs.server.namenode.FSImage: Start loading edits file /tmp/hadoop-yagnasri/dfs/namesecondary/current/edits_0000000000000000013-0000000000000000014
2020-07-29 20:27:00,064 INFO org.apache.hadoop.hdfs.server.namenode.FSImage: Edits file /tmp/hadoop-yagnasri/dfs/namesecondary/current/edits_0000000000000000013-0000000000000000014 of size 42 edits # 2 loaded in 0 seconds
2020-07-29 20:27:00,065 INFO org.apache.hadoop.hdfs.server.namenode.FSImageFormatProtobuf: Saving image file /tmp/hadoop-yagnasri/dfs/namesecondary/current/fsimage.ckpt_0000000000000000014 using no compression
2020-07-29 20:27:00,069 INFO org.apache.hadoop.hdfs.server.namenode.FSImageFormatProtobuf: Image file /tmp/hadoop-yagnasri/dfs/namesecondary/current/fsimage.ckpt_0000000000000000014 of size 325 bytes saved in 0 seconds.
2020-07-29 20:27:00,077 INFO org.apache.hadoop.hdfs.server.namenode.NNStorageRetentionManager: Going to retain 2 images with txid >= 12
2020-07-29 20:27:00,077 INFO org.apache.hadoop.hdfs.server.namenode.NNStorageRetentionManager: Purging old image FSImageFile(file=/tmp/hadoop-yagnasri/dfs/namesecondary/current/fsimage_0000000000000000010, cpktTxId=0000000000000000010)
2020-07-29 20:27:00,091 INFO org.apache.hadoop.hdfs.server.namenode.TransferFsImage: Sending fileName: /tmp/hadoop-yagnasri/dfs/namesecondary/current/fsimage_0000000000000000014, fileSize: 325. Sent total: 325 bytes. Size of last segment intended to send: -1 bytes.
2020-07-29 20:27:00,106 INFO org.apache.hadoop.hdfs.server.namenode.TransferFsImage: Uploaded image with txid 14 to namenode at http://localhost:50070 in 0.016 seconds
2020-07-29 20:27:00,106 WARN org.apache.hadoop.hdfs.server.namenode.SecondaryNameNode: Checkpoint done. New Image Size: 325
2020-07-29 21:27:00,587 INFO org.apache.hadoop.hdfs.server.namenode.SecondaryNameNode: Image has not changed. Will not download image.
2020-07-29 21:27:00,587 INFO org.apache.hadoop.hdfs.server.namenode.TransferFsImage: Opening connection to http://localhost:50070/imagetransfer?getedit=1&startTxId=15&endTxId=16&storageInfo=-63:415985864:1596049283577:CID-18e8aa22-4e63-4af1-a030-ca1a0f0d2f3c
2020-07-29 21:27:00,610 INFO org.apache.hadoop.hdfs.server.namenode.TransferFsImage: Combined time for fsimage download and fsync to all disks took 0.00s. The fsimage download took 0.00s at 0.00 KB/s. Synchronous (fsync) write to disk of /tmp/hadoop-yagnasri/dfs/namesecondary/current/edits_tmp_0000000000000000015-0000000000000000016_0000000000028821988 took 0.00s.
2020-07-29 21:27:00,610 INFO org.apache.hadoop.hdfs.server.namenode.TransferFsImage: Downloaded file edits_tmp_0000000000000000015-0000000000000000016_0000000000028821988 size 0 bytes.
2020-07-29 21:27:00,610 INFO org.apache.hadoop.hdfs.server.namenode.Checkpointer: Checkpointer about to load edits from 1 stream(s).
2020-07-29 21:27:00,610 INFO org.apache.hadoop.hdfs.server.namenode.FSImage: Reading /tmp/hadoop-yagnasri/dfs/namesecondary/current/edits_0000000000000000015-0000000000000000016 expecting start txid #15
2020-07-29 21:27:00,610 INFO org.apache.hadoop.hdfs.server.namenode.FSImage: Start loading edits file /tmp/hadoop-yagnasri/dfs/namesecondary/current/edits_0000000000000000015-0000000000000000016
2020-07-29 21:27:00,610 INFO org.apache.hadoop.hdfs.server.namenode.FSImage: Edits file /tmp/hadoop-yagnasri/dfs/namesecondary/current/edits_0000000000000000015-0000000000000000016 of size 42 edits # 2 loaded in 0 seconds
2020-07-29 21:27:00,614 INFO org.apache.hadoop.hdfs.server.namenode.FSImageFormatProtobuf: Saving image file /tmp/hadoop-yagnasri/dfs/namesecondary/current/fsimage.ckpt_0000000000000000016 using no compression
2020-07-29 21:27:00,617 INFO org.apache.hadoop.hdfs.server.namenode.FSImageFormatProtobuf: Image file /tmp/hadoop-yagnasri/dfs/namesecondary/current/fsimage.ckpt_0000000000000000016 of size 325 bytes saved in 0 seconds.
2020-07-29 21:27:00,627 INFO org.apache.hadoop.hdfs.server.namenode.NNStorageRetentionManager: Going to retain 2 images with txid >= 14
2020-07-29 21:27:00,627 INFO org.apache.hadoop.hdfs.server.namenode.NNStorageRetentionManager: Purging old image FSImageFile(file=/tmp/hadoop-yagnasri/dfs/namesecondary/current/fsimage_0000000000000000012, cpktTxId=0000000000000000012)
2020-07-29 21:27:00,639 INFO org.apache.hadoop.hdfs.server.namenode.TransferFsImage: Sending fileName: /tmp/hadoop-yagnasri/dfs/namesecondary/current/fsimage_0000000000000000016, fileSize: 325. Sent total: 325 bytes. Size of last segment intended to send: -1 bytes.
2020-07-29 21:27:00,658 INFO org.apache.hadoop.hdfs.server.namenode.TransferFsImage: Uploaded image with txid 16 to namenode at http://localhost:50070 in 0.02 seconds
2020-07-29 21:27:00,658 WARN org.apache.hadoop.hdfs.server.namenode.SecondaryNameNode: Checkpoint done. New Image Size: 325
2020-07-29 22:27:01,525 INFO org.apache.hadoop.hdfs.server.namenode.SecondaryNameNode: Image has not changed. Will not download image.
2020-07-29 22:27:01,525 INFO org.apache.hadoop.hdfs.server.namenode.TransferFsImage: Opening connection to http://localhost:50070/imagetransfer?getedit=1&startTxId=17&endTxId=123&storageInfo=-63:415985864:1596049283577:CID-18e8aa22-4e63-4af1-a030-ca1a0f0d2f3c
2020-07-29 22:27:01,539 INFO org.apache.hadoop.hdfs.server.namenode.TransferFsImage: Combined time for fsimage download and fsync to all disks took 0.00s. The fsimage download took 0.00s at 13000.00 KB/s. Synchronous (fsync) write to disk of /tmp/hadoop-yagnasri/dfs/namesecondary/current/edits_tmp_0000000000000000017-0000000000000000123_0000000000032422926 took 0.00s.
2020-07-29 22:27:01,539 INFO org.apache.hadoop.hdfs.server.namenode.TransferFsImage: Downloaded file edits_tmp_0000000000000000017-0000000000000000123_0000000000032422926 size 0 bytes.
2020-07-29 22:27:01,540 INFO org.apache.hadoop.hdfs.server.namenode.Checkpointer: Checkpointer about to load edits from 1 stream(s).
2020-07-29 22:27:01,540 INFO org.apache.hadoop.hdfs.server.namenode.FSImage: Reading /tmp/hadoop-yagnasri/dfs/namesecondary/current/edits_0000000000000000017-0000000000000000123 expecting start txid #17
2020-07-29 22:27:01,540 INFO org.apache.hadoop.hdfs.server.namenode.FSImage: Start loading edits file /tmp/hadoop-yagnasri/dfs/namesecondary/current/edits_0000000000000000017-0000000000000000123
2020-07-29 22:27:01,628 INFO org.apache.hadoop.hdfs.server.namenode.FSDirectory: Increasing replication from 1 to 10 for /tmp/hadoop-yarn/staging/yagnasri/.staging/job_1596049428713_0001/job.jar
2020-07-29 22:27:01,630 INFO org.apache.hadoop.hdfs.server.namenode.FSDirectory: Increasing replication from 1 to 10 for /tmp/hadoop-yarn/staging/yagnasri/.staging/job_1596049428713_0001/job.split
2020-07-29 22:27:01,689 INFO org.apache.hadoop.hdfs.server.namenode.FSImage: Edits file /tmp/hadoop-yagnasri/dfs/namesecondary/current/edits_0000000000000000017-0000000000000000123 of size 13446 edits # 107 loaded in 0 seconds
2020-07-29 22:27:01,692 INFO org.apache.hadoop.hdfs.server.namenode.FSImageFormatProtobuf: Saving image file /tmp/hadoop-yagnasri/dfs/namesecondary/current/fsimage.ckpt_0000000000000000123 using no compression
2020-07-29 22:27:01,702 INFO org.apache.hadoop.hdfs.server.namenode.FSImageFormatProtobuf: Image file /tmp/hadoop-yagnasri/dfs/namesecondary/current/fsimage.ckpt_0000000000000000123 of size 1797 bytes saved in 0 seconds.
2020-07-29 22:27:01,709 INFO org.apache.hadoop.hdfs.server.namenode.NNStorageRetentionManager: Going to retain 2 images with txid >= 16
2020-07-29 22:27:01,709 INFO org.apache.hadoop.hdfs.server.namenode.NNStorageRetentionManager: Purging old image FSImageFile(file=/tmp/hadoop-yagnasri/dfs/namesecondary/current/fsimage_0000000000000000014, cpktTxId=0000000000000000014)
2020-07-29 22:27:01,723 INFO org.apache.hadoop.hdfs.server.namenode.TransferFsImage: Sending fileName: /tmp/hadoop-yagnasri/dfs/namesecondary/current/fsimage_0000000000000000123, fileSize: 1797. Sent total: 1797 bytes. Size of last segment intended to send: -1 bytes.
2020-07-29 22:27:01,748 INFO org.apache.hadoop.hdfs.server.namenode.TransferFsImage: Uploaded image with txid 123 to namenode at http://localhost:50070 in 0.025 seconds
2020-07-29 22:27:01,749 WARN org.apache.hadoop.hdfs.server.namenode.SecondaryNameNode: Checkpoint done. New Image Size: 1797
2020-07-29 23:27:02,673 INFO org.apache.hadoop.hdfs.server.namenode.SecondaryNameNode: Image has not changed. Will not download image.
2020-07-29 23:27:02,674 INFO org.apache.hadoop.hdfs.server.namenode.TransferFsImage: Opening connection to http://localhost:50070/imagetransfer?getedit=1&startTxId=124&endTxId=285&storageInfo=-63:415985864:1596049283577:CID-18e8aa22-4e63-4af1-a030-ca1a0f0d2f3c
2020-07-29 23:27:02,708 INFO org.apache.hadoop.hdfs.server.namenode.TransferFsImage: Combined time for fsimage download and fsync to all disks took 0.00s. The fsimage download took 0.00s at 21000.00 KB/s. Synchronous (fsync) write to disk of /tmp/hadoop-yagnasri/dfs/namesecondary/current/edits_tmp_0000000000000000124-0000000000000000285_0000000000036024075 took 0.00s.
2020-07-29 23:27:02,708 INFO org.apache.hadoop.hdfs.server.namenode.TransferFsImage: Downloaded file edits_tmp_0000000000000000124-0000000000000000285_0000000000036024075 size 0 bytes.
2020-07-29 23:27:02,708 INFO org.apache.hadoop.hdfs.server.namenode.Checkpointer: Checkpointer about to load edits from 1 stream(s).
2020-07-29 23:27:02,708 INFO org.apache.hadoop.hdfs.server.namenode.FSImage: Reading /tmp/hadoop-yagnasri/dfs/namesecondary/current/edits_0000000000000000124-0000000000000000285 expecting start txid #124
2020-07-29 23:27:02,708 INFO org.apache.hadoop.hdfs.server.namenode.FSImage: Start loading edits file /tmp/hadoop-yagnasri/dfs/namesecondary/current/edits_0000000000000000124-0000000000000000285
2020-07-29 23:27:02,718 INFO org.apache.hadoop.hdfs.server.namenode.FSDirectory: Increasing replication from 1 to 10 for /tmp/hadoop-yarn/staging/yagnasri/.staging/job_1596049428713_0002/job.jar
2020-07-29 23:27:02,734 INFO org.apache.hadoop.hdfs.server.namenode.FSDirectory: Increasing replication from 1 to 10 for /tmp/hadoop-yarn/staging/yagnasri/.staging/job_1596049428713_0002/job.split
2020-07-29 23:27:02,761 INFO org.apache.hadoop.hdfs.server.namenode.FSDirectory: Increasing replication from 1 to 10 for /tmp/hadoop-yarn/staging/yagnasri/.staging/job_1596049428713_0003/job.jar
2020-07-29 23:27:02,762 INFO org.apache.hadoop.hdfs.server.namenode.FSDirectory: Increasing replication from 1 to 10 for /tmp/hadoop-yarn/staging/yagnasri/.staging/job_1596049428713_0003/job.split
2020-07-29 23:27:02,776 INFO org.apache.hadoop.hdfs.server.namenode.FSImage: Edits file /tmp/hadoop-yagnasri/dfs/namesecondary/current/edits_0000000000000000124-0000000000000000285 of size 21923 edits # 162 loaded in 0 seconds
2020-07-29 23:27:02,776 INFO org.apache.hadoop.hdfs.server.namenode.FSImageFormatProtobuf: Saving image file /tmp/hadoop-yagnasri/dfs/namesecondary/current/fsimage.ckpt_0000000000000000285 using no compression
2020-07-29 23:27:02,785 INFO org.apache.hadoop.hdfs.server.namenode.FSImageFormatProtobuf: Image file /tmp/hadoop-yagnasri/dfs/namesecondary/current/fsimage.ckpt_0000000000000000285 of size 2910 bytes saved in 0 seconds.
2020-07-29 23:27:02,796 INFO org.apache.hadoop.hdfs.server.namenode.NNStorageRetentionManager: Going to retain 2 images with txid >= 123
2020-07-29 23:27:02,796 INFO org.apache.hadoop.hdfs.server.namenode.NNStorageRetentionManager: Purging old image FSImageFile(file=/tmp/hadoop-yagnasri/dfs/namesecondary/current/fsimage_0000000000000000016, cpktTxId=0000000000000000016)
2020-07-29 23:27:02,809 INFO org.apache.hadoop.hdfs.server.namenode.TransferFsImage: Sending fileName: /tmp/hadoop-yagnasri/dfs/namesecondary/current/fsimage_0000000000000000285, fileSize: 2910. Sent total: 2910 bytes. Size of last segment intended to send: -1 bytes.
2020-07-29 23:27:02,829 INFO org.apache.hadoop.hdfs.server.namenode.TransferFsImage: Uploaded image with txid 285 to namenode at http://localhost:50070 in 0.021 seconds
2020-07-29 23:27:02,830 WARN org.apache.hadoop.hdfs.server.namenode.SecondaryNameNode: Checkpoint done. New Image Size: 2910
